La génération a démarré 13/07/2017 11:07:29.
Environnement au début de la génération :
ADSK_3DSMAX_x64_2017 = I:\Programms\AutoDesk\3D MAX\3ds Max 2017\
ALLUSERSPROFILE = C:\ProgramData
APPDATA = C:\Users\kikij\AppData\Roaming
CommonProgramFiles = C:\Program Files (x86)\Common Files
CommonProgramFiles(x86) = C:\Program Files (x86)\Common Files
CommonProgramW6432 = C:\Program Files\Common Files
COMPUTERNAME = KPC_DE_OUFFF
ComSpec = C:\WINDOWS\system32\cmd.exe
CYGWIN = tty
DXSDK_DIR = E:\C++\DirectXSDK\
FPS_BROWSER_APP_PROFILE_STRING = Internet Explorer
FPS_BROWSER_USER_PROFILE_STRING = Default
GTK_BASEPATH = C:\Program Files (x86)\GtkSharp\2.12\
HOMEDRIVE = C:
HOMEPATH = \Users\kikij
LOCALAPPDATA = C:\Users\kikij\AppData\Local
LOGONSERVER = \\KPC_DE_OUFFF
MSBuildLoadMicrosoftTargetsReadOnly = true
MSMPI_BIN = C:\Program Files\Microsoft MPI\Bin\
NUMBER_OF_PROCESSORS = 8
OneDrive = C:\Users\kikij\OneDrive
OS = Windows_NT
Path = C:\ProgramData\Oracle\Java\javapath;E:\Programs\OpenSSH\bin;C:\Program Files (x86)\Skype\Phone\;C:\Program Files (x86)\Xoreax\IncrediBuild;C:\Program Files\Git\bin;C:\Strawberry\c\bin;C:\Strawberry\perl\site\bin;C:\Strawberry\perl\bin;E:\Programs\VS17PRO\VC\Tools\MSVC\14.10.25017\bin\HostX64\x64;C:\Program Files (x86)\NVIDIA Corporation\PhysX\Common;I:\Qt\5.8\msvc2015_64\bin;I:\Programms\CY\bin;C:\WINDOWS\SysWOW64\WindowsPowerShell\v1.0\Modules\TShell\TShell\;C:\ProgramData\Oracle\Java\javapath;C:\Windows\system32;C:\Windows;C:\Windows\System32\Wbem;C:\Windows\System32\WindowsPowerShell\v1.0\;C:\Program Files (x86)\NVIDIA Corporation\PhysX\Common;C:\Program Files (x86)\Windows Kits\10\Windows Performance Toolkit\;C:\Program Files\dotnet\;C:\Program Files (x86)\GtkSharp\2.12\bin;C:\Users\kikij\AppData\Local\Microsoft\WindowsApps;C:\Users\kikij\AppData\Local\Microsoft\WindowsApps;C:\Users\kikij\AppData\Local\atom\bin
PATHEXT = .COM;.EXE;.BAT;.CMD;.VBS;.VBE;.JS;.JSE;.WSF;.WSH;.MSC
PkgDefApplicationConfigFile = C:\Users\kikij\AppData\Local\Microsoft\VisualStudio\15.0_35f159ae\devenv.exe.config
PROCESSOR_ARCHITECTURE = x86
PROCESSOR_ARCHITEW6432 = AMD64
PROCESSOR_IDENTIFIER = Intel64 Family 6 Model 60 Stepping 3, GenuineIntel
PROCESSOR_LEVEL = 6
PROCESSOR_REVISION = 3c03
ProgramData = C:\ProgramData
ProgramFiles = C:\Program Files (x86)
ProgramFiles(x86) = C:\Program Files (x86)
ProgramW6432 = C:\Program Files
PSModulePath = C:\Program Files\WindowsPowerShell\Modules;C:\WINDOWS\system32\WindowsPowerShell\v1.0\Modules
PUBLIC = C:\Users\Public
SESSIONNAME = Console
SystemDrive = C:
SystemRoot = C:\WINDOWS
TEMP = C:\Users\kikij\AppData\Local\Temp
TMP = C:\Users\kikij\AppData\Local\Temp
USERDOMAIN = KPC_DE_OUFFF
USERDOMAIN_ROAMINGPROFILE = KPC_DE_OUFFF
USERNAME = kikij
USERPROFILE = C:\Users\kikij
VBOX_MSI_INSTALL_PATH = E:\Programs\VirtualBox\
VisualStudioDir = C:\Users\kikij\OneDrive\Documents\Visual Studio 2017
VisualStudioEdition = Microsoft Visual Studio Community 2017
VisualStudioVersion = 15.0
VS140COMNTOOLS = E:\Programs\VS15\Common7\Tools\
VSAPPIDDIR = E:\Programs\VS17\Common7\IDE\
VSAPPIDNAME = devenv.exe
VSLANG = 1036
VSSDK140Install = E:\Programs\VS15\VSSDK\
windir = C:\WINDOWS

11:07:29.673     1>Projet "E:\C++\Collisions\DXUT\Optional\DXUTOpt_DirectXTK_2012.vcxproj" sur le nœud 3 (Deploy cible(s)).
11:07:29.673     1>Propriétés initiales :
                   _AfterCompileWinFXInternalDependsOn = 
                           PrepareResourcesForSatelliteAssemblies;
                           MergeLocalizationDirectives;
                           AfterCompileWinFX
                       
                   _ApplicableDebuggers = Desktop
                   _BuildActionType = Build
                   _BuildSuffix = 
                   :VCEnd
                   _CheckDev11ToolsInstalled = true
                   _CompileTargetNameForLocalType = _CompileTemporaryAssembly
                   _CurrentPlatformToolsetShortName = v141
                   _DebugSymbolsProduced = false
                   _DefaultPlatform = win32
                   _DeploymentBuiltUpdateInterval = 0
                   _DeploymentBuiltUpdateIntervalUnits = Days
                   _DeploymentDeployManifestIdentity = DXUTOpt_DirectXTK_2012.application
                   _DeploymentFileMappingExtension = 
                   _DeploymentUrl = 
                   _Dev11Installed = 
                   _Dev11WDExpressInstalled = 
                   _DirectoryBuildPropsBasePath = 
                   _DirectoryBuildPropsFile = Directory.Build.props
                   _DirectoryBuildTargetsBasePath = 
                   _DirectoryBuildTargetsFile = Directory.Build.targets
                   _DocumentationFileProduced = false
                   _FindDependencies = false
                   _FullFrameworkReferenceAssemblyPaths = C:\Program Files (x86)\Reference Assemblies\Microsoft\Framework\.NETFramework\v4.0
                   _GCTODIKeepDuplicates = false
                   _GCTODIKeepMetadata = CopyToOutputDirectory;TargetPath
                   _GenerateBindingRedirectsIntermediateAppConfig = Bin\DirectXTK_2012\x64\Release\DXUTOpt_DirectXTK_2012.vcxproj.DXUTOpt.lib.config
                   _GenerateRestoreGraphProjectEntryInputProperties = 
                         RestoreUseCustomAfterTargets=;
                         NuGetRestoreTargets=E:\Programs\VS17\Common7\IDE\CommonExtensions\Microsoft\NuGet\NuGet.targets;
                         BuildProjectReferences=false;
                         ExcludeRestorePackageImports=true;
                       
                   _GetChildProjectCopyToOutputDirectoryItems = true
                   _HasNativeManifest = false
                   _IgnoreInstalledPlatformToolset_v110 = true
                   _IgnoreInstalledPlatformToolset_v110_wp80 = true
                   _IgnoreInstalledPlatformToolset_v110_xp = true
                   _IntDirFullpath = E:\C++\Collisions\DXUT\Optional\Bin\DirectXTK_2012\x64\Release\
                   _InvalidConfigurationMessageText = The OutputPath property is not set for project 'DXUTOpt_DirectXTK_2012.vcxproj'.  Please check to make sure that you have specified a valid combination of Configuration and Platform for this project.  Configuration='Release'  Platform='x64'.  This error may also appear if some other project is trying to follow a project-to-project reference to this project, this project has been unloaded or is not included in the solution, and the referencing project does not build using the same or an equivalent Configuration or Platform.
                   _LibFullPath = ;E:\C++\Collisions\DXUT\Optional\Bin\DirectXTK_2012\x64\Release\DXUTOpt.lib
                   _LinkImportLibraryTemp = Bin\DirectXTK_2012\x64\Release\DXUTOpt.lib
                   _NuGetRuntimeIdentifierPlatformTargetSuffix = -x64
                   _NuGetRuntimeIdentifierWithoutAot = win-x64
                   _OriginalConfiguration = Release
                   _OriginalPlatform = x64
                   _OutDirFullpath = E:\C++\Collisions\DXUT\Optional\Bin\DirectXTK_2012\x64\Release\
                   _PlatformDefaultPropsPath = E:\Programs\VS17\Common7\IDE\VC\VCTargets\\Platforms\x64\\Platform.default.props
                   _PlatformFolder = E:\Programs\VS17\Common7\IDE\VC\VCTargets\Platforms\x64\
                   _PlatformToolsetFriendlyNameFor_v100 = Visual Studio 2010 (v100)
                   _PlatformToolsetFriendlyNameFor_v110 = Visual Studio 2012 (v110)
                   _PlatformToolsetFriendlyNameFor_v110_wp80 = Windows Phone 8.0 (v110_wp80)
                   _PlatformToolsetFriendlyNameFor_v110_xp = Visual Studio 2012 - Windows XP (v110_xp)
                   _PlatformToolsetFriendlyNameFor_v120 = Visual Studio 2013 (v120)
                   _PlatformToolsetFriendlyNameFor_v120_wp81 = Windows Phone 8.1 (v120_wp81)
                   _PlatformToolsetFriendlyNameFor_v120_xp = Visual Studio 2013 - Windows XP (v120_xp)
                   _PlatformToolsetFriendlyNameFor_v140 = Visual Studio 2015 (v140)
                   _PlatformToolsetFriendlyNameFor_v140_clang_3_7 = Clang 3.7 with Microsoft CodeGen (v140_clang_3_7)
                   _PlatformToolsetFriendlyNameFor_v140_clang_c2 = Visual Studio 2015 - Clang with Microsoft CodeGen (v140_clang_c2)
                   _PlatformToolsetFriendlyNameFor_v140_xp = Visual Studio 2015 - Windows XP (v140_xp)
                   _PlatformToolsetFriendlyNameFor_v141 = Visual Studio 2017 (v141)
                   _PlatformToolsetFriendlyNameFor_v141_clang_c2 = Visual Studio 2017 - Clang with Microsoft CodeGen (v141_clang_c2)
                   _PlatformToolsetFriendlyNameFor_v141_xp = Visual Studio 2017 - Windows XP (v141_xp)
                   _PlatformToolsetFriendlyNameFor_v90 = Visual Studio 2008 (v90)
                   _PlatformToolsetShortNameFor_v100 = Visual Studio 2010
                   _PlatformToolsetShortNameFor_v110 = Visual Studio 2012
                   _PlatformToolsetShortNameFor_v110_wp80 = Windows Phone 8.0
                   _PlatformToolsetShortNameFor_v110_xp = Visual Studio 2012 - Windows XP
                   _PlatformToolsetShortNameFor_v120 = Visual Studio 2013
                   _PlatformToolsetShortNameFor_v120_wp81 = Windows Phone 8.1
                   _PlatformToolsetShortNameFor_v120_xp = Visual Studio 2013 - Windows XP
                   _PlatformToolsetShortNameFor_v140 = Visual Studio 2015
                   _PlatformToolsetShortNameFor_v140_xp = Visual Studio 2015 - Windows XP
                   _PlatformToolsetShortNameFor_v90 = Visual Studio 2008
                   _ProjectDefaultTargets = Build
                   _ProjectReferenceTargetFrameworkProperties = 
                   _PropertySheetDisplayName = Whole Program Optimization
                   _RequireMCPass2ForMainAssembly = false
                   _RequireMCPass2ForSatelliteAssemblyOnly = false
                   _ResolveReferenceDependencies = false
                   _ResourceCompileDependsOn = 
                         
                         ;
                         BeforeResourceCompile;
                       ;
                         ;
                         MakeDirsForResourceCompile;
                         ResourceCompile;
                         
                         ;
                         AfterResourceCompile;
                       
                       
                   _ResourceNameInMainAssembly = DXUTOpt_DirectXTK_2012.g.resources
                   _SGenDllCreated = false
                   _SGenDllName = DXUTOpt.XmlSerializers.dll
                   _SGenGenerateSerializationAssembliesConfig = Auto
                   _TargetFrameworkDirectories = C:\Program Files (x86)\Reference Assemblies\Microsoft\Framework\.NETFramework\v4.0
                   _ToolsetFound = true
                   _ToolsetPropsPath = E:\Programs\VS17\Common7\IDE\VC\VCTargets\\Platforms\x64\PlatformToolsets\v141\Toolset.props
                   _ToolsetTargetsPath = E:\Programs\VS17\Common7\IDE\VC\VCTargets\\Platforms\x64\PlatformToolsets\v141\Toolset.targets
                   _UpgradePlatformToolsetFor_v100 = v141
                   _UpgradePlatformToolsetFor_v110 = v141
                   _UpgradePlatformToolsetFor_v110_xp = v141_xp
                   _UpgradePlatformToolsetFor_v120 = v141
                   _UpgradePlatformToolsetFor_v120_xp = v141_xp
                   _UpgradePlatformToolsetFor_v140 = v141
                   _UpgradePlatformToolsetFor_v140_xp = v141_xp
                   _UpgradePlatformToolsetFor_v141 = SDK Upgrade
                   _UpgradePlatformToolsetFor_v141_xp = v141_xp
                   _UpgradePlatformToolsetFor_v90 = v141
                   _VC_x64_ToolsInstalled = true
                   _VCToolsVersionProps = E:\Programs\VS17\VC\Auxiliary\Build\Microsoft.VCToolsVersion.default.props
                   AddAdditionalExplicitAssemblyReferences = true
                   AddAppConfigToBuildOutputs = true
                   AdditionalExplicitAssemblyReferences = 
                   ADSK_3DSMAX_x64_2017 = I:\Programms\AutoDesk\3D MAX\3ds Max 2017\
                   AfterBuildCompileTargets = 
                         ;
                         AfterBuildCompileEvent;
                       
                   AfterBuildGenerateSourcesTargets = 
                         
                         ;
                         AfterBuildGenerateSources;
                       ;
                         AfterBuildGenerateSourcesEvent;
                       
                   AfterBuildLinkTargets = 
                         ;RunMergeNativeCodeAnalysis;RunNativeCodeAnalysis;
                         CreateSatelliteAssemblies;
                         _Appverifier;
                         _Deploy;
                         PrepareForRun;
                         PostBuildEvent;
                       
                   AfterClCompileTargets = 
                         ;
                         AfterClCompile;
                       
                   AfterImpLibTargets = 
                         ;
                         AfterImpLib;
                       
                   AfterLibTargets = 
                         ;
                         AfterLib;
                       
                   AfterLinkTargets = 
                         ;
                         AfterLink;
                       
                   AfterManifestTargets = 
                         ;
                         AfterManifest;
                       
                   AfterMidlTargets = 
                         ;
                         AfterMidl;
                       
                   AfterResourceCompileTargets = 
                         ;
                         AfterResourceCompile;
                       
                   AllowedReferenceAssemblyFileExtensions = 
                         .winmd;
                         .dll;
                         .exe
                       
                   AllowedReferenceRelatedFileExtensions = 
                         .pdb;
                         .xml;
                         .pri;
                         .dll.config;
                         .exe.config
                       
                   AllowLocalNetworkLoopback = true
                   AllProjectOutputGroupsDependsOn = 
                         ;
                         BuiltProjectOutputGroup;
                         DebugSymbolsProjectOutputGroup;
                         DocumentationProjectOutputGroup;
                         SatelliteDllsProjectOutputGroup;
                         SourceFilesProjectOutputGroup;
                         ContentFilesProjectOutputGroup;
                         SGenFilesOutputGroup
                       
                   ALLUSERSPROFILE = C:\ProgramData
                   AlwaysCompileMarkupFilesInSeparateDomain = true
                   AndroidTargetsPath = E:\Programs\VS17\MSBuild\Microsoft\MDD\Android\V150\
                   APPDATA = C:\Users\kikij\AppData\Roaming
                   AppxManifestMetadataClHostArchDir = HostX86
                   AppxManifestMetadataClTargetArchDir = x86
                   AssemblyFoldersConfigFile = E:\Programs\VS17\MSBuild\15.0\Bin\AssemblyFolders.config
                   AssemblyFoldersConfigFileSearchPath = {AssemblyFoldersFromConfig:E:\Programs\VS17\MSBuild\15.0\Bin\AssemblyFolders.config,v4.0};
                   AssemblyFoldersSuffix = AssemblyFoldersEx
                   AssemblyName = DXUTOpt_DirectXTK_2012
                   AssemblySearchPaths = 
                         {CandidateAssemblyFiles};
                         E:\Programs\VS17\VC\Tools\MSVC\14.10.25017\atlmfc\lib\x64;;E:\Programs\VS17\VC\Tools\MSVC\14.10.25017\lib\x64;;
                         {HintPathFromItem};
                         {TargetFrameworkDirectory};
                         {AssemblyFoldersFromConfig:E:\Programs\VS17\MSBuild\15.0\Bin\AssemblyFolders.config,v4.0};
                         {Registry:Software\Microsoft\.NETFramework,v4.0,AssemblyFoldersEx};
                         {AssemblyFolders};
                         {GAC};
                         {RawFileName};
                         Bin\DirectXTK_2012\x64\Release\
                       
                   AssignTargetPathsDependsOn = 
                   Attach = false
                   AutoUnifyAssemblyReferences = true
                   AvailablePlatforms = Any CPU,x86,x64
                   BaseIntermediateOutputPath = obj\
                   BaseNuGetRuntimeIdentifier = win
                   BeforeBuildCompileTargets = 
                         ;
                       
                   BeforeBuildGenerateSourcesTargets = 
                         
                         ;
                         BeforeBuildGenerateSources;
                       ;
                       
                   BeforeClCompileTargets = 
                         ;
                         BeforeClCompile;
                       
                   BeforeImpLibTargets = 
                         ;
                         BeforeImpLib;
                       
                   BeforeLibTargets = 
                         ;
                         BeforeLib;
                       
                   BeforeLinkTargets = 
                         ;
                         BeforeLink;
                       
                   BeforeManifestTargets = 
                         ;
                         BeforeManifest;
                       
                   BeforeMidlTargets = 
                         ;
                         BeforeMidl;
                       
                   BeforeResourceCompileTargets = 
                         ;
                         BeforeResourceCompile;
                       
                   BuildCompileAction = _BuildCompileAction
                   BuildCompileTargets = 
                         ;
                         _ClCompile;
                         _ResGen;
                         _ResourceCompile;
                         
                         ;
                         _ImpLib;
                         _Lib;
                       ;
                       
                   BuildDependsOn = 
                         _PrepareForBuild;
                         
                         ResolveReferences;
                         PrepareForBuild;
                         InitializeBuildStatus;
                         BuildGenerateSources;
                         BuildCompile;
                         BuildLink;
                       ;
                         AfterBuild;
                         FinalizeBuildStatus;
                       
                   BuildGenerateSourcesAction = _BuildGenerateSourcesAction
                   BuildGenerateSourcesTargets = 
                         ;
                         PreBuildEvent;
                         _Xsd;
                         _Midl;
                       
                   BuildingInsideVisualStudio = true
                   BuildingProject = true
                   BuildInParallel = true
                   BuildLibTargets = 
                         ;
                         _ImpLib;
                         _Lib;
                       
                   BuildLinkAction = _BuildLinkAction
                   BuildLinkTargets = 
                         ;
                         ComputeLegacyManifestEmbedding;
                         _Link;
                         _ALink;
                         _Manifest;
                         RegisterOutput;
                         _XdcMake;
                         _BscMake;
                       
                   BuildProjectReferences = false
                   BuildSteps = 
                         ResolveReferences;
                         PrepareForBuild;
                         InitializeBuildStatus;
                         BuildGenerateSources;
                         BuildCompile;
                         BuildLink;
                       
                   BuildSystem = MSBuild
                   BuildTaskAssembly = PresentationBuildTasks, Version=4.0.0.0, Culture=neutral, PublicKeyToken=31bf3856ad364e35
                   BuiltProjectOutputGroupDependsOn = PrepareForBuild
                   CAExcludePath = E:\Programs\VS17\VC\Tools\MSVC\14.10.25017\atlmfc\include;E:\Programs\VS17\VC\Tools\MSVC\14.10.25017\include;C:\Program Files (x86)\Windows Kits\8.1\Include\um;C:\Program Files (x86)\Windows Kits\8.1\Include\shared;C:\Program Files (x86)\Windows Kits\8.1\Include\winrt;;
                   CharacterSet = Unicode
                   CleanDependsOn = 
                         
                         _PrepareForClean;
                         
                         
                         BeforeClean;
                         UnmanagedUnregistration;
                         CoreClean;
                         CleanReferencedProjects;
                         CleanPublishFolder;
                         AfterClean
                       ;
                         EntityClean;
                       ;
                       ;
                         CppClean
                       
                   CleanFile = DXUTOpt_DirectXTK_2012.vcxproj.FileListAbsolute.txt
                   CLRSupport = false
                   ClYieldDuringToolExecution = true
                   CodeAnalysisApplyLogFileXsl = false
                   CodeAnalysisFailOnMissingRules = false
                   CodeAnalysisForceOutput = true
                   CodeAnalysisGenerateSuccessFile = true
                   CodeAnalysisIgnoreGeneratedCode = true
                   CodeAnalysisIgnoreInvalidTargets = true
                   CodeAnalysisIgnoreMissingIndirectReferences = false
                   CodeAnalysisInputAssembly = Bin\DirectXTK_2012\x64\Release\DXUTOpt.lib
                   CodeAnalysisLogFile = Bin\DirectXTK_2012\x64\Release\DXUTOpt.lib.CodeAnalysisLog.xml
                   CodeAnalysisModuleSuppressionsFile = GlobalSuppressions.cpp
                   CodeAnalysisOutputToConsole = false
                   CodeAnalysisOverrideRuleVisibilities = false
                   CodeAnalysisPath = E:\Programs\VS17\Team Tools\Static Analysis Tools\FxCop\
                   CodeAnalysisQuiet = false
                   CodeAnalysisRuleDirectories = ;E:\Programs\VS17\Team Tools\Static Analysis Tools\FxCop\\Rules
                   CodeAnalysisRuleSet = AllRules.ruleset
                   CodeAnalysisRuleSetDirectories = ;E:\Programs\VS17\Team Tools\Static Analysis Tools\\Rule Sets
                   CodeAnalysisSaveMessagesToReport = Active
                   CodeAnalysisSearchGlobalAssemblyCache = true
                   CodeAnalysisStaticAnalysisDirectory = E:\Programs\VS17\Team Tools\Static Analysis Tools\
                   CodeAnalysisSucceededFile = Bin\DirectXTK_2012\x64\Release\DXUTOpt.lib.lastcodeanalysissucceeded
                   CodeAnalysisSummary = false
                   CodeAnalysisTargets = E:\Programs\VS17\MSBuild\Microsoft\VisualStudio\v15.0\CodeAnalysis\Microsoft.CodeAnalysis.targets
                   CodeAnalysisTimeout = 120
                   CodeAnalysisTLogFile = Bin\DirectXTK_2012\x64\Release\CodeAnalysis.read.1.tlog
                   CodeAnalysisTreatWarningsAsErrors = false
                   CodeAnalysisUpdateProject = false
                   CodeAnalysisUseTypeNameInSuppression = true
                   CodeAnalysisVerbose = false
                   CommonBuildOnlyTargets = 
                         PrepareForBuild;
                         ResolveReferences;
                       
                   CommonProgramFiles = C:\Program Files (x86)\Common Files
                   CommonProgramW6432 = C:\Program Files\Common Files
                   CommonTargetsPath = E:\Programs\VS17\MSBuild\15.0\Bin\Microsoft.Common.CurrentVersion.targets
                   CommonXamlResourcesDirectory = E:\Programs\VS17\MSBuild\15.0\Bin\fr-FR\
                   CompileDependsOn = 
                           
                         ResolveReferences;
                         ResolveKeySource;
                         SetWin32ManifestProperties;
                         _GenerateCompileInputs;
                         BeforeCompile;
                         _TimeStampBeforeCompile;
                         _GenerateCompileDependencyCache;
                         CoreCompile;
                         _TimeStampAfterCompile;
                         AfterCompile;
                       ;
                           _AfterCompileWinFXInternal
                       
                   CompileLicxFilesDependsOn = 
                   CompileTargetNameForTemporaryAssembly = CompileTemporaryAssembly
                   ComputeCompileInputsTargets = 
                         
                         
                         ;
                         ComputeMIDLGeneratedCompileInputs;
                       ;
                         ComputeCLInputPDBName;
                         ComputeReferenceCLInput;
                         WarnCompileDuplicatedFilename
                       ;
                         FixupCLCompileOptions;
                       
                   ComputeImpLibInputsTargets = 
                           
                         
                         
                         
                         ;
                         ComputeRCGeneratedLibInputs;
                       ;
                         ComputeRCGeneratedImpLibInputs;
                       ;
                         ComputeCustomBuildOutput;
                       ;
                         ComputeCLGeneratedImpLibInputs;
                       ;
                           ComputeImpLibInputsFromProject;
                         
                   ComputeIntermediateSatelliteAssembliesDependsOn = 
                         CreateManifestResourceNames
                       
                   ComputeLibInputsTargets = 
                         ComputeLibAdditionalOptions;
                         
                         
                           
                         
                         
                         ;
                         ComputeRCGeneratedLibInputs;
                       ;
                         ComputeCustomBuildOutput;
                       ;
                         ComputeCLGeneratedLibInputs;
                       ;
                           ComputeLibInputsFromProject;
                         ;
                         ComputeReferenceLibInputs;
                       
                       
                   ComputeLinkInputsTargets = 
                         
                           
                         
                         
                         
                         ;
                         ComputeRCGeneratedLinkInputs;
                       ;
                         ComputeManifestGeneratedLinkerInputs;
                       ;
                         ComputeCustomBuildOutput;
                       ;
                         ComputeCLGeneratedLinkInputs;
                       ;
                           ComputeLinkInputsFromProject;
                         ;
                         ComputeReferenceLinkInputs;
                       
                   ComputeManifestInputsTargets = 
                         ;
                         ComputeManifestInputsTargets;
                       
                   COMPUTERNAME = KPC_DE_OUFFF
                   ComReferenceExecuteAsTool = false
                   ComReferenceNoClassMembers = false
                   ComSpec = C:\WINDOWS\system32\cmd.exe
                   Configuration = Release
                   ConfigurationName = Release
                   ConfigurationPlatformExists = true
                   ConfigurationType = StaticLibrary
                   ConsiderPlatformAsProcessorArchitecture = true
                   ContentFilesProjectOutputGroupDependsOn = PrepareForBuild;AssignTargetPaths;PrepareForBuild;AssignTargetPaths;MakeDirsForFxc
                   ContinueOnError = false
                   CopyNuGetImplementations = true
                   CoreBuildDependsOn = 
                         BuildOnlySettings;
                         PrepareForBuild;
                         PreBuildEvent;
                         ResolveReferences;
                         PrepareResources;
                         ResolveKeySource;
                         Compile;
                         ExportWindowsMDFile;
                         UnmanagedUnregistration;
                         GenerateSerializationAssemblies;
                         CreateSatelliteAssemblies;
                         GenerateManifests;
                         GetTargetPath;
                         PrepareForRun;
                         UnmanagedRegistration;
                         IncrementalClean;
                         PostBuildEvent
                       
                   CoreCleanDependsOn = 
                   CoreCompileDependsOn = 
                           DesignTimeXamlMarkupCompilation;
                           
                             DesignTimeMarkupCompilation;
                             
                         
                       
                   CoreCppCleanDependsOn = 
                   CoreResGenDependsOn = 
                   CppCleanDependsOn = 
                         BeforeCppClean;
                         ;
                         CoreCppClean;
                         AfterCppClean;
                       ;PGInstrumentedClean
                   CppCleanLogFile = DXUTOpt.Build.CppClean.log
                   CreateCustomManifestResourceNamesDependsOn = 
                   CreateHardLinksForCopyAdditionalFilesIfPossible = false
                   CreateManifestResourceNamesDependsOn = 
                   CreateSatelliteAssembliesDependsOn = 
                         _GenerateSatelliteAssemblyInputs;
                         ComputeIntermediateSatelliteAssemblies;
                         GenerateSatelliteAssemblies
                       
                   CreateSymbolicLinksForCopyAdditionalFilesIfPossible = false
                   CRTDefinitionalFile = E:\Programs\VS17\VC\Tools\MSVC\14.10.25017\VCProjectDefault\Microsoft.AppX.VCFrameworkReferences.xml
                   CrtSDKReferenceInclude = Microsoft.VCLibs, Version=14.0
                   CrtSDKReferenceVersion = 14.0
                   CurrentSolutionConfigurationContents = <SolutionConfiguration>
                   <ProjectConfiguration Project="{ab182e14-e51a-40ab-985e-0c8c885871a5}" AbsolutePath="E:\C++\Collisions\Collision\Collision_Desktop_2012.vcxproj">Release|x64</ProjectConfiguration>
                   <ProjectConfiguration Project="{e0b52ae7-e160-4d32-bf3f-910b785e5a8e}" AbsolutePath="E:\C++\Collisions\DirectXTK\DirectXTK_Desktop_2012.vcxproj">Release|x64</ProjectConfiguration>
                   <ProjectConfiguration Project="{85344b7f-5aa0-4e12-a065-d1333d11f6ca}" AbsolutePath="E:\C++\Collisions\DXUT\Core\DXUT_DirectXTK_2012.vcxproj">Release|x64</ProjectConfiguration>
                   <ProjectConfiguration Project="{61b333c2-c4f7-4cc1-a9bf-83f6d95588eb}" AbsolutePath="E:\C++\Collisions\DXUT\Optional\DXUTOpt_DirectXTK_2012.vcxproj">Release|x64</ProjectConfiguration>
                   </SolutionConfiguration>
                   CustomAfterMicrosoftCommonProps = E:\Programs\VS17\MSBuild\v15.0\Custom.After.Microsoft.Common.props
                   CustomAfterMicrosoftCommonTargets = E:\Programs\VS17\MSBuild\v15.0\Custom.After.Microsoft.Common.targets
                   CustomBeforeMicrosoftCommonProps = E:\Programs\VS17\MSBuild\v15.0\Custom.Before.Microsoft.Common.props
                   CustomBeforeMicrosoftCommonTargets = E:\Programs\VS17\MSBuild\v15.0\Custom.Before.Microsoft.Common.targets
                   CustomBuildAfterTargets = BscMake
                   CustomBuildBeforeTargets = PostBuildEvent
                   CustomBuildToolAfterTargets = PreBuildEvent
                   CustomBuildToolBeforeTargets = Midl
                   CYGWIN = tty
                   DebugCppRuntimeFilesPath = E:\Programs\VS17\VC\Tools\MSVC\14.10.25017\redist\x64
                   DebuggerFlavor = WindowsLocalDebugger
                   DebuggerLaunchApplication = true
                   DebuggerRequireAuthentication = true
                   DebuggerType = NativeOnly
                   DebugSymbolsProjectOutputGroupDependsOn = 
                   DefaultLanguageSourceExtension = .cpp
                   DefaultPlatformToolset = v141
                   DefaultToolArchitecture = Native32Bit
                   DefaultWindowsSDKVersion = 8.1
                   DefineCommonReferenceSchemas = 
                   DefineExplicitDefaults = true
                   DelayImplib = Delayimp.lib
                   DelaySign = 
                   DeploymentType = Installed
                   DesignTimeBuildInitTargets = _PrepareForReferenceResolution;;InitGetClCommandLines;ResolveReferences;FixupReferences
                   DesignTimeIntermediateOutputPath = Bin\DirectXTK_2012\x64\Release\InProcessTempFiles\
                   DesignTimeResolveAssemblyReferencesDependsOn = 
                         GetFrameworkPaths;
                         GetReferenceAssemblyPaths;
                         ResolveReferences
                       
                   DetermineProjectTypeTargets = _PrepareForReferenceResolution;
                   DevEnvDir = E:\Programs\VS17\Common7\IDE\
                   DocumentationProjectOutputGroupDependsOn = ResolvedXDCMake;ComputeCLCompileGeneratedXDCFiles
                   DocumentLibraryDependencies = true
                   DXSDK_DIR = E:\C++\DirectXSDK\
                   EmbeddedWin32Manifest = 
                   EmbedManifest = true
                   EnableCppCoreCheck = false
                   EnableExperimentalCppCoreCheck = false
                   EnableManagedIncrementalBuild = false
                   EntityDeployDependsOn = 
                   EntityDeployIntermediateResourcePath = Bin\DirectXTK_2012\x64\Release\edmxResourcesToEmbed\
                   ExcludePath = E:\Programs\VS17\VC\Tools\MSVC\14.10.25017\include;;E:\Programs\VS17\VC\Tools\MSVC\14.10.25017\atlmfc\include;;E:\Programs\VS17\VC\Auxiliary\VS\include;;C:\Program Files (x86)\Windows Kits\10\Include\10.0.10240.0\ucrt;;;E:\Programs\VS17\VC\Auxiliary\VS\UnitTest\include;C:\Program Files (x86)\Windows Kits\8.1\Include\um;C:\Program Files (x86)\Windows Kits\8.1\Include\shared;C:\Program Files (x86)\Windows Kits\8.1\Include\winrt;;E:\Programs\VS17\MSBuild\15.0\Bin;C:\WINDOWS\Microsoft.NET\Framework\v4.0.30319\;E:\Programs\VS17\VC\Tools\MSVC\14.10.25017\lib\x64;;E:\Programs\VS17\VC\Tools\MSVC\14.10.25017\atlmfc\lib\x64;;E:\Programs\VS17\VC\Auxiliary\VS\lib\x64;;C:\Program Files (x86)\Windows Kits\10\lib\10.0.10240.0\ucrt\x64;;;E:\Programs\VS17\VC\Auxiliary\VS\UnitTest\lib;
                   ExecutablePath = E:\Programs\VS17\VC\Tools\MSVC\14.10.25017\bin\HostX86\x64;E:\Programs\VS17\VC\Tools\MSVC\14.10.25017\bin\HostX86\x86;C:\Program Files (x86)\Windows Kits\8.1\bin\x86;;C:\Program Files (x86)\Microsoft SDKs\Windows\v10.0A\bin\NETFX 4.6.1 Tools;E:\Programs\VS17\Common7\tools;E:\Programs\VS17\Common7\ide;C:\Program Files (x86)\HTML Help Workshop;;E:\Programs\VS17\MSBuild\15.0\Bin;C:\WINDOWS\Microsoft.NET\Framework\v4.0.30319\;;C:\ProgramData\Oracle\Java\javapath;E:\Programs\OpenSSH\bin;C:\Program Files (x86)\Skype\Phone\;C:\Program Files (x86)\Xoreax\IncrediBuild;C:\Program Files\Git\bin;C:\Strawberry\c\bin;C:\Strawberry\perl\site\bin;C:\Strawberry\perl\bin;E:\Programs\VS17PRO\VC\Tools\MSVC\14.10.25017\bin\HostX64\x64;C:\Program Files (x86)\NVIDIA Corporation\PhysX\Common;I:\Qt\5.8\msvc2015_64\bin;I:\Programms\CY\bin;C:\WINDOWS\SysWOW64\WindowsPowerShell\v1.0\Modules\TShell\TShell\;C:\ProgramData\Oracle\Java\javapath;C:\Windows\system32;C:\Windows;C:\Windows\System32\Wbem;C:\Windows\System32\WindowsPowerShell\v1.0\;C:\Program Files (x86)\NVIDIA Corporation\PhysX\Common;C:\Program Files (x86)\Windows Kits\10\Windows Performance Toolkit\;C:\Program Files\dotnet\;C:\Program Files (x86)\GtkSharp\2.12\bin;C:\Users\kikij\AppData\Local\Microsoft\WindowsApps;C:\Users\kikij\AppData\Local\Microsoft\WindowsApps;C:\Users\kikij\AppData\Local\atom\bin;
                   ExpandSDKAllowedReferenceExtensions = 
                         .winmd;
                         .dll
                       
                   ExpandSDKReferencesDependsOn = 
                         ResolveSDKReferences
                       
                   ExtensionsToDeleteOnClean = *.cdf;*.cache;*.obj;*.obj.enc;*.ilk;*.ipdb;*.iobj;*.resources;*.tlb;*.tli;*.tlh;*.tmp;*.rsp;*.pgc;*.pgd;*.meta;*.tlog;*.manifest;*.res;*.pch;*.exp;*.idb;*.rep;*.xdc;*.pdb;*_manifest.rc;*.bsc;*.sbr;*.xml;*.metagen;*.bi;E:\C++\Collisions\DXUT\Optional\Bin\DirectXTK_2012\x64\Release\DXUTOpt.lib.manifest;Bin\DirectXTK_2012\x64\Release\DXUTOpt.tlb;Bin\DirectXTK_2012\x64\Release\DXUTOpt.pdb;E:\C++\Collisions\DXUT\Optional\Bin\DirectXTK_2012\x64\Release\DXUTOpt.lib;Bin\DirectXTK_2012\x64\Release\DXUTOpt.bsc;Bin\DirectXTK_2012\x64\Release\DXUTOpt.ilk;E:\C++\Collisions\DXUT\Optional\Bin\DirectXTK_2012\x64\Release\DXUTOpt.lib.intermediate.manifest;Bin\DirectXTK_2012\x64\Release\DXUTOpt.lib.CodeAnalysisLog.xml;Bin\DirectXTK_2012\x64\Release\DXUTOpt.lib.lastcodeanalysissucceeded
                   FindInvalidProjectReferencesDependsOn = 
                         GetReferenceTargetPlatformMonikers
                       
                   FPS_BROWSER_APP_PROFILE_STRING = Internet Explorer
                   FPS_BROWSER_USER_PROFILE_STRING = Default
                   Framework20Dir = @(_TargetFramework20DirectoryItem)
                   Framework30Dir = @(_TargetFramework30DirectoryItem)
                   Framework35Dir = @(_TargetFramework35DirectoryItem)
                   Framework40Dir = @(_TargetFramework40DirectoryItem)
                   FrameworkDir = C:\Windows\Microsoft.NET\Framework\
                   FrameworkDir_110 = C:\Windows\Microsoft.NET\Framework\
                   FrameworkPathOverride = C:\Program Files (x86)\Reference Assemblies\Microsoft\Framework\.NETFramework\v4.0
                   FrameworkRegistryBase = Software\Microsoft\.NETFramework
                   FrameworkSdkDir = C:\Program Files (x86)\Windows Kits\8.1\
                   FrameworkSDKRoot = C:\Program Files (x86)\Microsoft SDKs\Windows\v10.0A\
                   FrameworkVersion = v4.6
                   FullReferenceAssemblyNames = Full
                   FxCompileAfterTargets = CustomBuild
                   FxCompileBeforeTargets = Midl
                   GeneratedFileExtension = .g.cpp
                   GenerateManifest = true
                   GenerateManifestsDependsOn = 
                         SetWin32ManifestProperties;
                         GenerateApplicationManifest;
                         GenerateDeploymentManifest
                       
                   GenerateTargetFrameworkAttribute = false
                   GetCopyToOutputDirectoryItemsDependsOn = 
                         AssignTargetPaths;
                         _SplitProjectReferencesByFileExistence;
                         _GetProjectReferenceTargetFrameworkProperties
                       
                   GetFrameworkPathsDependsOn = 
                   GetReferenceAssemblyPathsDependsOn = 
                           ;
                           GetWinFXPath
                       
                   GetTargetPathDependsOn = _PrepareForReferenceResolution;GetResolvedWinMD;
                   GetTargetPathWithTargetPlatformMonikerDependsOn = ; GetTargetPath
                   GPURefDebuggerBreakOnAllThreads = GPURefBreakOncePerWarp
                   GTK_BASEPATH = C:\Program Files (x86)\GtkSharp\2.12\
                   HighEntropyVA = false
                   HOMEDRIVE = C:
                   HOMEPATH = \Users\kikij
                   HostInBrowser = false
                   IgnoreImportLibrary = false
                   ImplicitlyExpandDesignTimeFacadesDependsOn = 
                         ;
                         GetReferenceAssemblyPaths
                       
                   ImportByWildcardAfterMicrosoftCommonProps = true
                   ImportByWildcardAfterMicrosoftCommonTargets = true
                   ImportByWildcardAfterMicrosoftNetFrameworkProps = true
                   ImportByWildcardAfterMicrosoftNetFrameworkTargets = true
                   ImportByWildcardBeforeMicrosoftCommonProps = true
                   ImportByWildcardBeforeMicrosoftCommonTargets = true
                   ImportByWildcardBeforeMicrosoftNetFrameworkProps = true
                   ImportByWildcardBeforeMicrosoftNetFrameworkTargets = true
                   ImportDirectoryBuildProps = true
                   ImportDirectoryBuildTargets = true
                   ImportProjectExtensionProps = true
                   ImportProjectExtensionTargets = true
                   ImportUserLocationsByWildcardAfterMicrosoftCommonProps = true
                   ImportUserLocationsByWildcardAfterMicrosoftCommonTargets = true
                   ImportUserLocationsByWildcardAfterMicrosoftNetFrameworkProps = true
                   ImportUserLocationsByWildcardAfterMicrosoftNetFrameworkTargets = true
                   ImportUserLocationsByWildcardBeforeMicrosoftCommonProps = true
                   ImportUserLocationsByWildcardBeforeMicrosoftCommonTargets = true
                   ImportUserLocationsByWildcardBeforeMicrosoftNetFrameworkProps = true
                   ImportUserLocationsByWildcardBeforeMicrosoftNetFrameworkTargets = true
                   ImportXamlTargets = true
                   INCLUDE = E:\Programs\VS17\VC\Tools\MSVC\14.10.25017\include;;E:\Programs\VS17\VC\Tools\MSVC\14.10.25017\atlmfc\include;;E:\Programs\VS17\VC\Auxiliary\VS\include;;C:\Program Files (x86)\Windows Kits\10\Include\10.0.10240.0\ucrt;;;E:\Programs\VS17\VC\Auxiliary\VS\UnitTest\include;C:\Program Files (x86)\Windows Kits\8.1\Include\um;C:\Program Files (x86)\Windows Kits\8.1\Include\shared;C:\Program Files (x86)\Windows Kits\8.1\Include\winrt;;
                   IncludeFrameworkReferencesFromNuGet = true
                   IncludePath = E:\Programs\VS17\VC\Tools\MSVC\14.10.25017\include;;E:\Programs\VS17\VC\Tools\MSVC\14.10.25017\atlmfc\include;;E:\Programs\VS17\VC\Auxiliary\VS\include;;C:\Program Files (x86)\Windows Kits\10\Include\10.0.10240.0\ucrt;;;E:\Programs\VS17\VC\Auxiliary\VS\UnitTest\include;C:\Program Files (x86)\Windows Kits\8.1\Include\um;C:\Program Files (x86)\Windows Kits\8.1\Include\shared;C:\Program Files (x86)\Windows Kits\8.1\Include\winrt;;
                   IncludeVersionInInteropName = true
                   IntDir = Bin\DirectXTK_2012\x64\Release\
                   IntermediateOutputPath = Bin\DirectXTK_2012\x64\Release\
                   InteropOutputPath = Interop\
                   iOSTargetsPath = E:\Programs\VS17\MSBuild\Microsoft\MDD\iOS\V150\
                   IsRestoreTargetsFileLoaded = true
                   Keyword = Win32Proj
                   LangID = 1036
                   LangName = fr-FR
                   Language = C++
                   LastBuildState = Bin\DirectXTK_2012\x64\Release\DXUTOpt.tlog\DXUTOpt.lastbuildstate
                   LastBuildUnsuccessful = Bin\DirectXTK_2012\x64\Release\DXUTOpt.tlog\unsuccessfulbuild
                   LIB = E:\Programs\VS17\VC\Tools\MSVC\14.10.25017\lib\x64;;E:\Programs\VS17\VC\Tools\MSVC\14.10.25017\atlmfc\lib\x64;;E:\Programs\VS17\VC\Auxiliary\VS\lib\x64;;C:\Program Files (x86)\Windows Kits\10\lib\10.0.10240.0\ucrt\x64;;;E:\Programs\VS17\VC\Auxiliary\VS\UnitTest\lib;C:\Program Files (x86)\Windows Kits\8.1\lib\winv6.3\um\x64;;C:\Program Files (x86)\Windows Kits\NETFXSDK\4.6.1\Lib\um\x64
                   LibCompiled = true
                   LIBPATH = E:\Programs\VS17\VC\Tools\MSVC\14.10.25017\atlmfc\lib\x64;;E:\Programs\VS17\VC\Tools\MSVC\14.10.25017\lib\x64;
                   LibraryPath = E:\Programs\VS17\VC\Tools\MSVC\14.10.25017\lib\x64;;E:\Programs\VS17\VC\Tools\MSVC\14.10.25017\atlmfc\lib\x64;;E:\Programs\VS17\VC\Auxiliary\VS\lib\x64;;C:\Program Files (x86)\Windows Kits\10\lib\10.0.10240.0\ucrt\x64;;;E:\Programs\VS17\VC\Auxiliary\VS\UnitTest\lib;C:\Program Files (x86)\Windows Kits\8.1\lib\winv6.3\um\x64;;C:\Program Files (x86)\Windows Kits\NETFXSDK\4.6.1\Lib\um\x64
                   LibraryWPath = C:\Program Files (x86)\Windows Kits\8.1\References\CommonConfiguration\Neutral;
                   LinkIncremental = false
                   LoadTimeSensitiveProperties = 
                         ;
                       
                   LoadTimeSensitiveTargets = 
                         ;
                         XamlMarkupCompilePass1;
                       
                   LOCALAPPDATA = C:\Users\kikij\AppData\Local
                   LocalDebuggerAttach = False
                   LocalDebuggerCommand = E:\C++\Collisions\DXUT\Optional\Bin\DirectXTK_2012\x64\Release\DXUTOpt.lib
                   LocalDebuggerDebuggerType = Auto
                   LocalDebuggerMergeEnvironment = true
                   LocalDebuggerSQLDebugging = False
                   LocalDebuggerWorkingDirectory = E:\C++\Collisions\DXUT\Optional\
                   LocalGPUDebuggerTargetType = {F4453496-1DB8-47F8-A7D5-31EBDDC2EC96}
                   LocalizationDirectivesToLocFile = None
                   LOGONSERVER = \\KPC_DE_OUFFF
                   ManagedAssembly = false
                   ManagedExpressionEvaluatorRegKey = 
                   ManagedIncrementalBuildProcessDependencyGraphAfterTarget = 
                         ClCompile
                       
                   ManagedIncrementalBuildProcessDependencyGraphBeforeTarget = 
                         ClCompile
                       
                   MarkupCompilePass2ForMainAssemblyDependsOn = 
                                        GenerateTemporaryTargetAssembly;
                                        MarkupCompilePass2;
                                        AfterMarkupCompilePass2;
                                        CleanupTemporaryTargetAssembly
                          
                   MaxTargetPath = 100
                   MergedOutputCodeAnalysisFile = Bin\DirectXTK_2012\x64\Release\vc.nativecodeanalysis.all.xml
                   MetagenInputTarget = Link
                   MetaGenTargets = E:\Programs\VS17\Common7\IDE\VC\VCTargets\\Microsoft.MetaGen.targets
                   MicrosoftCommonPropsHasBeenImported = true
                   MidlYieldDuringToolExecution = true
                   MpiDebuggerCleanupDeployment = True
                   MpiDebuggerDebuggerType = Auto
                   MpiDebuggerDeployCommonRuntime = True
                   MpiDebuggerNetworkSecurityMode = AnyAddress
                   MpiDebuggerSchedulerNode = localhost/1
                   MpiDebuggerSchedulerTimeout = 5000
                   MsAppxPackageTargets = E:\Programs\VS17\MSBuild\Microsoft\VisualStudio\v15.0\AppxPackage\Microsoft.AppXPackage.Targets
                   MSBuild_ExecutablePath = E:\Programs\VS17\MSBuild\15.0\Bin;C:\WINDOWS\Microsoft.NET\Framework\v4.0.30319\
                   MSBuildAllProjects = ;E:\C++\Collisions\DXUT\Optional\DXUTOpt_DirectXTK_2012.vcxproj;E:\Programs\VS17\MSBuild\15.0\Bin\Microsoft.Common.targets;E:\Programs\VS17\MSBuild\15.0\Bin\Microsoft.NETFramework.CurrentVersion.props;E:\C++\Collisions\DXUT\Optional\DXUTOpt_DirectXTK_2012.vcxproj;E:\Programs\VS17\MSBuild\15.0\Bin\Microsoft.Common.CurrentVersion.targets;E:\Programs\VS17\MSBuild\15.0\Bin\Microsoft.NETFramework.CurrentVersion.targets;E:\Programs\VS17\MSBuild\15.0\Bin\Microsoft.Xaml.targets;E:\Programs\VS17\MSBuild\Microsoft\NuGet\15.0\Microsoft.NuGet.targets;E:\Programs\VS17\Common7\IDE\CommonExtensions\Microsoft\NuGet\NuGet.targets
                   MSBuildAssemblyVersion = 15.0
                   MSBuildBinPath = E:\Programs\VS17\MSBuild\15.0\Bin
                   MSBuildExtensionsPath = E:\Programs\VS17\MSBuild
                   MSBuildExtensionsPath32 = E:\Programs\VS17\MSBuild
                   MSBuildExtensionsPath64 = C:\Program Files\MSBuild
                   MSBuildFrameworkToolsPath = C:\WINDOWS\Microsoft.NET\Framework\v4.0.30319\
                   MSBuildFrameworkToolsPath32 = C:\WINDOWS\Microsoft.NET\Framework\v4.0.30319\
                   MSBuildFrameworkToolsPath64 = C:\WINDOWS\Microsoft.NET\Framework64\v4.0.30319\
                   MSBuildFrameworkToolsRoot = C:\WINDOWS\Microsoft.NET\Framework\
                   MSBuildLastTaskResult = true
                   MSBuildLoadMicrosoftTargetsReadOnly = true
                   MSBuildNodeCount = 8
                   MSBuildProgramFiles32 = C:\Program Files (x86)
                   MSBuildProjectDefaultTargets = Build
                   MSBuildProjectDirectory = E:\C++\Collisions\DXUT\Optional
                   MSBuildProjectDirectoryNoRoot = C++\Collisions\DXUT\Optional
                   MSBuildProjectExtension = .vcxproj
                   MSBuildProjectExtensionsPath = E:\C++\Collisions\DXUT\Optional\obj\
                   MSBuildProjectFile = DXUTOpt_DirectXTK_2012.vcxproj
                   MSBuildProjectFullPath = E:\C++\Collisions\DXUT\Optional\DXUTOpt_DirectXTK_2012.vcxproj
                   MSBuildProjectName = DXUTOpt_DirectXTK_2012
                   MSBuildRuntimeType = Full
                   MSBuildRuntimeVersion = 4.0.30319
                   MSBuildSDKsPath = E:\Programs\VS17\MSBuild\Sdks
                   MSBuildStartupDirectory = E:\Programs\VS17\Common7\IDE
                   MSBuildToolsPath = E:\Programs\VS17\MSBuild\15.0\Bin
                   MSBuildToolsPath32 = E:\Programs\VS17\MSBuild\15.0\Bin
                   MSBuildToolsPath64 = E:\Programs\VS17\MSBuild\15.0\Bin\amd64
                   MSBuildToolsRoot = E:\Programs\VS17\MSBuild
                   MSBuildToolsVersion = 15.0
                   MSBuildUserExtensionsPath = C:\Users\kikij\AppData\Local\Microsoft\MSBuild
                   MSMPI_BIN = C:\Program Files\Microsoft MPI\Bin\
                   MsTestToolsTargets = E:\Programs\VS17\MSBuild\Microsoft\VisualStudio\v15.0\TeamTest\Microsoft.TeamTest.targets
                   MultiToolTask = false
                   NativeCodeAnalysisTLogFile = Bin\DirectXTK_2012\x64\Release\NativeCodeAnalysis.read.1.tlog
                   NetFrameworkPropsPath = E:\Programs\VS17\MSBuild\15.0\Bin\Microsoft.NETFramework.CurrentVersion.props
                   NetFrameworkTargetsPath = E:\Programs\VS17\MSBuild\15.0\Bin\Microsoft.NETFramework.CurrentVersion.targets
                   NETFXKitsDir = C:\Program Files (x86)\Windows Kits\NETFXSDK\4.6.1\
                   NETFXSDKDir = C:\Program Files (x86)\Microsoft SDKs\Windows\v10.0A\
                   NuGetProps = E:\Programs\VS17\MSBuild\Microsoft\NuGet\15.0\Microsoft.NuGet.props
                   NuGetRestoreTargets = E:\Programs\VS17\MSBuild\..\Common7\IDE\CommonExtensions\Microsoft\NuGet\NuGet.targets
                   NuGetRuntimeIdentifier = win-x64
                   NuGetTargetFrameworkMonikerToInject = .NETCore,Version=v5.0
                   NuGetTargetMoniker = .NETFramework,Version=v4.0
                   NuGetTargetMonikerToInject = .NETCore,Version=v5.0
                   NuGetTargets = E:\Programs\VS17\MSBuild\Microsoft\NuGet\15.0\Microsoft.NuGet.targets
                   NUMBER_OF_PROCESSORS = 8
                   OneDrive = C:\Users\kikij\OneDrive
                   OnlyReferenceAndBuildProjectsEnabledInSolutionConfiguration = true
                   OS = Windows_NT
                   OSVersion = 5.1.2600.0
                   OutDir = Bin\DirectXTK_2012\x64\Release\
                   OutDirWasSpecified = false
                   OutputPath = Bin\DirectXTK_2012\x64\Release\
                   OutputType = staticlibrary
                   OverwriteReadOnlyFiles = false
                   Path = E:\Programs\VS17\VC\Tools\MSVC\14.10.25017\bin\HostX86\x64;E:\Programs\VS17\VC\Tools\MSVC\14.10.25017\bin\HostX86\x86;C:\Program Files (x86)\Windows Kits\8.1\bin\x86;;C:\Program Files (x86)\Microsoft SDKs\Windows\v10.0A\bin\NETFX 4.6.1 Tools;E:\Programs\VS17\Common7\tools;E:\Programs\VS17\Common7\ide;C:\Program Files (x86)\HTML Help Workshop;;E:\Programs\VS17\MSBuild\15.0\Bin;C:\WINDOWS\Microsoft.NET\Framework\v4.0.30319\;;C:\ProgramData\Oracle\Java\javapath;E:\Programs\OpenSSH\bin;C:\Program Files (x86)\Skype\Phone\;C:\Program Files (x86)\Xoreax\IncrediBuild;C:\Program Files\Git\bin;C:\Strawberry\c\bin;C:\Strawberry\perl\site\bin;C:\Strawberry\perl\bin;E:\Programs\VS17PRO\VC\Tools\MSVC\14.10.25017\bin\HostX64\x64;C:\Program Files (x86)\NVIDIA Corporation\PhysX\Common;I:\Qt\5.8\msvc2015_64\bin;I:\Programms\CY\bin;C:\WINDOWS\SysWOW64\WindowsPowerShell\v1.0\Modules\TShell\TShell\;C:\ProgramData\Oracle\Java\javapath;C:\Windows\system32;C:\Windows;C:\Windows\System32\Wbem;C:\Windows\System32\WindowsPowerShell\v1.0\;C:\Program Files (x86)\NVIDIA Corporation\PhysX\Common;C:\Program Files (x86)\Windows Kits\10\Windows Performance Toolkit\;C:\Program Files\dotnet\;C:\Program Files (x86)\GtkSharp\2.12\bin;C:\Users\kikij\AppData\Local\Microsoft\WindowsApps;C:\Users\kikij\AppData\Local\Microsoft\WindowsApps;C:\Users\kikij\AppData\Local\atom\bin;
                   PATHEXT = .COM;.EXE;.BAT;.CMD;.VBS;.VBE;.JS;.JSE;.WSF;.WSH;.MSC
                   PkgDefApplicationConfigFile = C:\Users\kikij\AppData\Local\Microsoft\VisualStudio\15.0_35f159ae\devenv.exe.config
                   Platform = x64
                   Platform_Actual = x64
                   PlatformArchitecture = 64
                   PlatformName = x64
                   PlatformPropsFound = true
                   PlatformShortName = x64
                   PlatformTarget = x64
                   PlatformTargetAsMSBuildArchitecture = x64
                   PlatformTargetAsMSBuildArchitectureExplicitlySet = false
                   PlatformTargetsFound = true
                   PlatformToolset = v141
                   PlatformToolsetVersion = 141
                   PostBuildEventDependsOn = 
                   PostBuildEventUseInBuild = true
                   PreBuildEventDependsOn = 
                   PreBuildEventUseInBuild = true
                   Prefer32Bit = false
                   PreferredToolArchitecture = x86
                   PreLinkEventUseInBuild = true
                   PrepareForBuildDependsOn = PlatformPrepareForBuild;Desktop_PlatformPrepareForBuild;GetFrameworkPaths;GetReferenceAssemblyPaths;AssignLinkMetadata;SetCABuildNativeEnvironmentVariables
                   PrepareForRunDependsOn = 
                         CopyFilesToOutputDirectory
                       
                   PrepareProjectReferencesDependsOn = 
                         AssignProjectConfiguration;
                         _SplitProjectReferencesByFileExistence;
                         _GetProjectReferenceTargetFrameworkProperties
                       
                   PrepareResourceNamesDependsOn = 
                                       AssignWinFXEmbeddedResource;
                                       
                         AssignTargetPaths;
                         SplitResourcesByCulture;
                         CreateManifestResourceNames;
                         CreateCustomManifestResourceNames
                       
                         
                   PrepareResourcesDependsOn = ResolveNuGetPackageAssets;
                         XamlMarkupCompilePass1;
                         XamlMarkupCompilePass2;
                         
                                   MarkupCompilePass1;
                                   AfterMarkupCompilePass1;
                                   MarkupCompilePass2ForMainAssembly;
                                   FileClassification;
                                   MainResourcesGeneration;
                                   
                         PrepareResourceNames;
                         ResGen;
                         CompileLicxFiles
                       
                          
                       
                   PROCESSOR_ARCHITECTURE = x86
                   PROCESSOR_ARCHITEW6432 = AMD64
                   PROCESSOR_IDENTIFIER = Intel64 Family 6 Model 60 Stepping 3, GenuineIntel
                   PROCESSOR_LEVEL = 6
                   PROCESSOR_REVISION = 3c03
                   ProcessorArchitecture = amd64
                   ProgramData = C:\ProgramData
                   ProgramFiles = C:\Program Files (x86)
                   ProgramW6432 = C:\Program Files
                   ProjectDesignTimeAssemblyResolutionSearchPaths = 
                         {CandidateAssemblyFiles};
                         E:\Programs\VS17\VC\Tools\MSVC\14.10.25017\atlmfc\lib\x64;;E:\Programs\VS17\VC\Tools\MSVC\14.10.25017\lib\x64;;
                         {HintPathFromItem};
                         {TargetFrameworkDirectory};
                         {Registry:Software\Microsoft\.NETFramework,v4.0,AssemblyFoldersEx};
                         {RawFileName};
                         E:\C++\Collisions\DXUT\Optional\Bin\DirectXTK_2012\x64\Release\
                       
                   ProjectDir = E:\C++\Collisions\DXUT\Optional\
                   ProjectEvaluationFingerprint = Release|x64|E:\C++\Collisions\|
                   ProjectExt = .vcxproj
                   ProjectFileName = DXUTOpt_DirectXTK_2012.vcxproj
                   ProjectFlavor = Client
                   ProjectGuid = {61B333C2-C4F7-4cc1-A9BF-83F6D95588EB}
                   ProjectLockFile = obj\project.assets.json
                   ProjectName = DXUTOpt
                   ProjectPath = E:\C++\Collisions\DXUT\Optional\DXUTOpt_DirectXTK_2012.vcxproj
                   PSModulePath = C:\Program Files\WindowsPowerShell\Modules;C:\WINDOWS\system32\WindowsPowerShell\v1.0\Modules
                   PUBLIC = C:\Users\Public
                   PublishableProject = 
                   PublishBuildDependsOn = 
                               BuildOnlySettings;
                               PrepareForBuild;
                               ResolveReferences;
                               PrepareResources;
                               ResolveKeySource;
                               PrepareResourcesForSatelliteAssemblies;
                               GenerateSerializationAssemblies;
                               CreateSatelliteAssemblies;
                           
                   PublishDependsOn = 
                         _DeploymentUnpublishable
                       
                   PublishDir = Bin\DirectXTK_2012\x64\Release\app.publish\
                   PublishOnlyDependsOn = 
                         SetGenerateManifests;
                         PublishBuild;
                         BeforePublish;
                         GenerateManifests;
                         CopyFilesToOutputDirectory;
                         _CopyFilesToPublishFolder;
                         _DeploymentGenerateBootstrapper;
                         ResolveKeySource;
                         _DeploymentSignClickOnceDeployment;
                         AfterPublish
                       
                   RebuildDependsOn = 
                         _PrepareForRebuild;
                         
                         BeforeRebuild;
                         Clean;
                         Build;
                         AfterRebuild;
                       ;
                       
                   ReferencePath = E:\Programs\VS17\VC\Tools\MSVC\14.10.25017\atlmfc\lib\x64;;E:\Programs\VS17\VC\Tools\MSVC\14.10.25017\lib\x64;
                   ReferringTargetFrameworkForProjectReferences = .NETFramework,Version=v4.0
                   RemoteDebuggerAttach = False
                   RemoteDebuggerConnection = RemoteWithAuthentication
                   RemoteDebuggerDebuggerType = Auto
                   RemoteDebuggerDeployDebugCppRuntime = true
                   RemoteDebuggerServerName = KPC_DE_OUFFF
                   RemoteDebuggerSQLDebugging = False
                   RemoteDebuggerWorkingDirectory = E:\C++\Collisions\DXUT\Optional\
                   RemoteGPUDebuggerTargetType = {F4453496-1DB8-47F8-A7D5-31EBDDC2EC96}
                   RemoveAssemblyFoldersIfNoTargetFramework = true
                   ReportingServicesTargets = E:\Programs\VS17\MSBuild\Microsoft\VisualStudio\v15.0\ReportingServices\Microsoft.ReportingServices.targets
                   RequiredBundles = Microsoft.VisualStudio.Component.VC.Tools.x86.x64;
                   ResGenDependsOn = ResolveAssemblyReferences;SplitResourcesByCulture;BeforeResGen;CoreResGen;AfterResGen
                   ResGenExecuteAsTool = false
                   ResolveAssemblyReferencesDependsOn = _PrepareForReferenceResolution;
                         GetFrameworkPaths;
                         GetReferenceAssemblyPaths;
                         PrepareForBuild;
                         ResolveSDKReferences;
                         ExpandSDKReferences;
                       ;ResolveNuGetPackageAssets
                   ResolveAssemblyReferencesSilent = false
                   ResolveAssemblyReferencesStateFile = Bin\DirectXTK_2012\x64\Release\DXUTOpt_DirectXTK_2012.vcxprojResolveAssemblyReference.cache
                   ResolveAssemblyWarnOrErrorOnTargetArchitectureMismatch = Warning
                   ResolveNuGetPackageAssetsDependsOn = ResolveProjectReferences
                   ResolveNuGetPackages = true
                   ResolveReferencesDependsOn = _PrepareForReferenceResolution;ComputeCrtSDKReference;
                         
                         
                         BeforeResolveReferences;
                         AssignProjectConfiguration;
                         ResolveProjectReferences;
                         FindInvalidProjectReferences;
                         ResolveNativeReferences;
                         ResolveAssemblyReferences;
                         GenerateBindingRedirects;
                         ResolveComReferences;
                         AfterResolveReferences
                       ;
                         ImplicitlyExpandDesignTimeFacades
                       ;
                         ResolveTestReferences
                       
                   ResolveSDKReferencesDependsOn = _PrepareForReferenceResolution;ComputeCrtSDKReference;
                         GetInstalledSDKLocations
                       
                   RestoreContinueOnError = WarnAndContinue
                   RestoreRecursive = true
                   RestoreTaskAssemblyFile = NuGet.Build.Tasks.dll
                   RootNamespace = DXUTOpt
                   RoslynTargetsPath = E:\Programs\VS17\MSBuild\15.0\Bin\Roslyn
                   RunAfterInstall = true
                   RunCodeAnalysisDependsOn = ;ClCompile;RunMergeNativeCodeAnalysis
                   RunCodeAnalysisInputs = Bin\DirectXTK_2012\x64\Release\DXUTOpt.lib
                   RunDependsOn = 
                   RunMergeNativeCodeAnalysisDependsOn = ClCompile
                   RunNativeCodeAnalysisInputs = 
                   RuntimeIdentifiers = win;win-x86;win-x64
                   SatelliteDllsProjectOutputGroupDependsOn = PrepareForBuild;PrepareResourceNames
                   SDK35ToolsPath = C:\Program Files (x86)\Microsoft SDKs\Windows\v7.0A\bin\
                   SDK40ToolsPath = C:\Program Files (x86)\Microsoft SDKs\Windows\v10.0A\bin\NETFX 4.6.1 Tools\
                   SDKDisplayName = Windows
                   SDKExtensionDirectoryRoot = C:\Program Files (x86)\Microsoft SDKs\Windows Kits\10;C:\Program Files (x86)\Windows Kits\10
                   SDKIdentifier = Windows
                   SDKRedistOutputGroupDependsOn = ResolveSDKReferences;ExpandSDKReferences
                   SDKReferenceDirectoryRoot = C:\Users\kikij\AppData\Local\Microsoft SDKs;C:\Program Files (x86)\Microsoft SDKs
                   SDKReferenceRegistryRoot = Software\Microsoft\Microsoft SDKs
                   SDKVersion = 10.0
                   SESSIONNAME = Console
                   SGenFilesOutputGroupDependsOn = 
                   SGenShouldGenerateSerializer = true
                   SGenUseKeep = false
                   SGenUseProxyTypes = true
                   ShouldMarkCertainSDKReferencesAsRuntimeOnly = true
                   ShouldUnsetParentConfigurationAndPlatform = true
                   SkipCopyBuildProduct = true
                   SkipCopyUnchangedFiles = true
                   SolutionDir = E:\C++\Collisions\
                   SolutionExt = .sln
                   SolutionFileName = Motor V2.sln
                   SolutionName = Motor V2
                   SolutionPath = E:\C++\Collisions\Motor V2.sln
                   SourceFilesProjectOutputGroupDependsOn = PrepareForBuild;AssignTargetPaths
                   SourcePath = E:\Programs\VS17\VC\Tools\MSVC\14.10.25017\atlmfc\src\mfc;E:\Programs\VS17\VC\Tools\MSVC\14.10.25017\atlmfc\src\mfcm;E:\Programs\VS17\VC\Tools\MSVC\14.10.25017\atlmfc\src\atl;;E:\Programs\VS17\VC\Tools\MSVC\14.10.25017\crt\src;;E:\Programs\VS17\VC\Auxiliary\VS\src;;C:\Program Files (x86)\Windows Kits\10\Source\10.0.10240.0\ucrt;;;
                   SQLDebugging = false
                   StaticLibraryResolveLinkLib = 
                         PrepareForBuild;
                         ResolveReferences;
                       ;ResolvedLinkLib
                   SystemDrive = C:
                   SystemRoot = C:\WINDOWS
                   TargetCulture = *
                   TargetDeployManifestFileName = DXUTOpt_DirectXTK_2012.application
                   TargetDir = E:\C++\Collisions\DXUT\Optional\Bin\DirectXTK_2012\x64\Release\
                   TargetedFrameworkDir = @(_TargetedFrameworkDirectoryItem)
                   TargetedRuntimeVersion = v4.0.30319
                   TargetedSDKArchitecture = amd64
                   TargetedSDKConfiguration = Retail
                   TargetExt = .lib
                   TargetFileName = DXUTOpt.lib
                   TargetFrameworkAsMSBuildRuntime = CLR4
                   TargetFrameworkDirectory = C:\Program Files (x86)\Reference Assemblies\Microsoft\Framework\.NETFramework\v4.0;;;C:\Program Files (x86)\Windows Kits\8.1\References\CommonConfiguration\Neutral
                   TargetFrameworkIdentifier = .NETFramework
                   TargetFrameworkMoniker = 
                   TargetFrameworkMonikerAssemblyAttributesPath = C:\Users\kikij\AppData\Local\Temp\.NETFramework,Version=v4.0.AssemblyAttributes.cpp
                   TargetFrameworkMonikerDisplayName = .NET Framework 4
                   TargetFrameworkSDKDirectory = C:\Program Files (x86)\Microsoft SDKs\Windows\v10.0A\
                   TargetFrameworkSDKToolsDirectory = C:\Program Files (x86)\Microsoft SDKs\Windows\v10.0A\bin\NETFX 4.6.1 Tools\
                   TargetFrameworkVersion = v4.0
                   TargetName = DXUTOpt
                   TargetPath = E:\C++\Collisions\DXUT\Optional\Bin\DirectXTK_2012\x64\Release\DXUTOpt.lib
                   TargetPlatformDisplayName = Windows 8.1
                   TargetPlatformIdentifier = Windows
                   TargetPlatformMinVersion = 
                   TargetPlatformMoniker = Windows,Version=8.1
                   TargetPlatformRegistryBase = Software\Microsoft\Microsoft SDKs\Windows
                   TargetPlatformSdkMetadataLocation = C:\Program Files (x86)\Windows Kits\8.1\References\CommonConfiguration\Neutral
                   TargetPlatformSdkPath = C:\Program Files (x86)\Windows Kits\8.1\
                   TargetPlatformVersion = 8.1
                   TargetPlatformWinMDLocation = C:\Program Files (x86)\Windows Kits\8.1\References\CommonConfiguration\Neutral
                   TargetRuntime = Managed
                   TargetUniversalCRTVersion = 10.0.10240.0
                   TaskKeyToken = 31bf3856ad364e35
                   TaskVersion = 4.0.0.0
                   TEMP = C:\Users\kikij\AppData\Local\Temp
                   TLogLocation = Bin\DirectXTK_2012\x64\Release\DXUTOpt.tlog\
                   TMP = C:\Users\kikij\AppData\Local\Temp
                   ToolsetPropsFound = true
                   ToolsetTargetsFound = true
                   TrackFileAccess = true
                   UCRTContentRoot = C:\Program Files (x86)\Windows Kits\10\
                   UniversalCRT_IncludePath = C:\Program Files (x86)\Windows Kits\10\Include\10.0.10240.0\ucrt;
                   UniversalCRT_LibraryPath_arm = C:\Program Files (x86)\Windows Kits\10\lib\10.0.10240.0\ucrt\arm;
                   UniversalCRT_LibraryPath_arm64 = C:\Program Files (x86)\Windows Kits\10\lib\10.0.10240.0\ucrt\arm64;
                   UniversalCRT_LibraryPath_x64 = C:\Program Files (x86)\Windows Kits\10\lib\10.0.10240.0\ucrt\x64;
                   UniversalCRT_LibraryPath_x86 = C:\Program Files (x86)\Windows Kits\10\lib\10.0.10240.0\ucrt\x86;
                   UniversalCRT_PropsPath = C:\Program Files (x86)\Windows Kits\10\\DesignTime\CommonConfiguration\Neutral\ucrt.props
                   UniversalCRT_SourcePath = C:\Program Files (x86)\Windows Kits\10\Source\10.0.10240.0\ucrt;
                   UniversalCRTSdkDir = C:\Program Files (x86)\Windows Kits\10\
                   UniversalCRTSdkDir_10 = C:\Program Files (x86)\Windows Kits\10\
                   UnmanagedRegistrationDependsOn = 
                   UnmanagedUnregistrationDependsOn = 
                   UpgradeSubsetToProfile = true
                   UseCommonOutputDirectory = false
                   UseLegacyManagedDebugger = true
                   UseOfATL = false
                   UseOfMFC = false
                   USERDOMAIN = KPC_DE_OUFFF
                   USERDOMAIN_ROAMINGPROFILE = KPC_DE_OUFFF
                   USERNAME = kikij
                   USERPROFILE = C:\Users\kikij
                   UserRootDir = C:\Users\kikij\AppData\Local\Microsoft\MSBuild\v4.0
                   UseSourcePath = true
                   ValidateRuntimeIdentifierCompatibility = false
                   VBOX_MSI_INSTALL_PATH = E:\Programs\VirtualBox\
                   VC_ATLMFC_IncludePath = E:\Programs\VS17\VC\Tools\MSVC\14.10.25017\atlmfc\include;
                   VC_ATLMFC_SourcePath = E:\Programs\VS17\VC\Tools\MSVC\14.10.25017\atlmfc\src\mfc;E:\Programs\VS17\VC\Tools\MSVC\14.10.25017\atlmfc\src\mfcm;E:\Programs\VS17\VC\Tools\MSVC\14.10.25017\atlmfc\src\atl;
                   VC_CRT_SourcePath = E:\Programs\VS17\VC\Tools\MSVC\14.10.25017\crt\src;
                   VC_ExecutablePath_ARM = E:\Programs\VS17\VC\Tools\MSVC\14.10.25017\bin\HostX86\arm;E:\Programs\VS17\VC\Tools\MSVC\14.10.25017\bin\HostX86\x86
                   VC_ExecutablePath_x64 = E:\Programs\VS17\VC\Tools\MSVC\14.10.25017\bin\HostX86\x64;E:\Programs\VS17\VC\Tools\MSVC\14.10.25017\bin\HostX86\x86
                   VC_ExecutablePath_x64_ARM = E:\Programs\VS17\VC\Tools\MSVC\14.10.25017\bin\HostX64\arm
                   VC_ExecutablePath_x64_ARM64 = E:\Programs\VS17\VC\Tools\MSVC\14.10.25017\bin\HostX64\arm64
                   VC_ExecutablePath_x64_x64 = E:\Programs\VS17\VC\Tools\MSVC\14.10.25017\bin\HostX64\x64
                   VC_ExecutablePath_x64_x86 = E:\Programs\VS17\VC\Tools\MSVC\14.10.25017\bin\HostX64\x86
                   VC_ExecutablePath_x86 = E:\Programs\VS17\VC\Tools\MSVC\14.10.25017\bin\HostX86\x86
                   VC_ExecutablePath_x86_ARM = E:\Programs\VS17\VC\Tools\MSVC\14.10.25017\bin\HostX86\arm
                   VC_ExecutablePath_x86_ARM64 = E:\Programs\VS17\VC\Tools\MSVC\14.10.25017\bin\HostX86\arm64
                   VC_ExecutablePath_x86_x64 = E:\Programs\VS17\VC\Tools\MSVC\14.10.25017\bin\HostX86\x64
                   VC_ExecutablePath_x86_x86 = E:\Programs\VS17\VC\Tools\MSVC\14.10.25017\bin\HostX86\x86
                   VC_IncludePath = E:\Programs\VS17\VC\Tools\MSVC\14.10.25017\include;;E:\Programs\VS17\VC\Tools\MSVC\14.10.25017\atlmfc\include;;E:\Programs\VS17\VC\Auxiliary\VS\include;;C:\Program Files (x86)\Windows Kits\10\Include\10.0.10240.0\ucrt;;;E:\Programs\VS17\VC\Auxiliary\VS\UnitTest\include
                   VC_LibraryPath_ARM = E:\Programs\VS17\VC\Tools\MSVC\14.10.25017\lib\ARM;;E:\Programs\VS17\VC\Tools\MSVC\14.10.25017\atlmfc\lib\ARM;;E:\Programs\VS17\VC\Auxiliary\VS\lib\ARM;;C:\Program Files (x86)\Windows Kits\10\lib\10.0.10240.0\ucrt\arm;;;E:\Programs\VS17\VC\Auxiliary\VS\UnitTest\lib
                   VC_LibraryPath_ARM64 = E:\Programs\VS17\VC\Tools\MSVC\14.10.25017\lib\ARM64;;E:\Programs\VS17\VC\Tools\MSVC\14.10.25017\atlmfc\lib\ARM64;;;C:\Program Files (x86)\Windows Kits\10\lib\10.0.10240.0\ucrt\arm64;;
                   VC_LibraryPath_ATL_ARM = E:\Programs\VS17\VC\Tools\MSVC\14.10.25017\atlmfc\lib\ARM;
                   VC_LibraryPath_ATL_ARM64 = E:\Programs\VS17\VC\Tools\MSVC\14.10.25017\atlmfc\lib\ARM64;
                   VC_LibraryPath_ATL_x64 = E:\Programs\VS17\VC\Tools\MSVC\14.10.25017\atlmfc\lib\x64;
                   VC_LibraryPath_ATL_x86 = E:\Programs\VS17\VC\Tools\MSVC\14.10.25017\atlmfc\lib\x86;
                   VC_LibraryPath_VC_ARM = E:\Programs\VS17\VC\Tools\MSVC\14.10.25017\lib\ARM;
                   VC_LibraryPath_VC_ARM64 = E:\Programs\VS17\VC\Tools\MSVC\14.10.25017\lib\ARM64;
                   VC_LibraryPath_VC_x64 = E:\Programs\VS17\VC\Tools\MSVC\14.10.25017\lib\x64;
                   VC_LibraryPath_VC_x86 = E:\Programs\VS17\VC\Tools\MSVC\14.10.25017\lib\x86;
                   VC_LibraryPath_x64 = E:\Programs\VS17\VC\Tools\MSVC\14.10.25017\lib\x64;;E:\Programs\VS17\VC\Tools\MSVC\14.10.25017\atlmfc\lib\x64;;E:\Programs\VS17\VC\Auxiliary\VS\lib\x64;;C:\Program Files (x86)\Windows Kits\10\lib\10.0.10240.0\ucrt\x64;;;E:\Programs\VS17\VC\Auxiliary\VS\UnitTest\lib
                   VC_LibraryPath_x86 = E:\Programs\VS17\VC\Tools\MSVC\14.10.25017\lib\x86;;E:\Programs\VS17\VC\Tools\MSVC\14.10.25017\atlmfc\lib\x86;;E:\Programs\VS17\VC\Auxiliary\VS\lib\x86;;C:\Program Files (x86)\Windows Kits\10\lib\10.0.10240.0\ucrt\x86;;;E:\Programs\VS17\VC\Auxiliary\VS\UnitTest\lib
                   VC_PGO_RunTime_Dir = E:\Programs\VS17\VC\Tools\MSVC\14.10.25017\bin\Hostx64\x64
                   VC_ReferencesPath_ARM = E:\Programs\VS17\VC\Tools\MSVC\14.10.25017\atlmfc\lib\ARM;;E:\Programs\VS17\VC\Tools\MSVC\14.10.25017\lib\ARM
                   VC_ReferencesPath_ARM64 = E:\Programs\VS17\VC\Tools\MSVC\14.10.25017\atlmfc\lib\ARM64;;E:\Programs\VS17\VC\Tools\MSVC\14.10.25017\lib\ARM64
                   VC_ReferencesPath_ATL_ARM = E:\Programs\VS17\VC\Tools\MSVC\14.10.25017\atlmfc\lib\ARM;
                   VC_ReferencesPath_ATL_ARM64 = E:\Programs\VS17\VC\Tools\MSVC\14.10.25017\atlmfc\lib\ARM64;
                   VC_ReferencesPath_ATL_x64 = E:\Programs\VS17\VC\Tools\MSVC\14.10.25017\atlmfc\lib\x64;
                   VC_ReferencesPath_ATL_x86 = E:\Programs\VS17\VC\Tools\MSVC\14.10.25017\atlmfc\lib\x86;
                   VC_ReferencesPath_VC_ARM = E:\Programs\VS17\VC\Tools\MSVC\14.10.25017\lib\ARM
                   VC_ReferencesPath_VC_ARM64 = E:\Programs\VS17\VC\Tools\MSVC\14.10.25017\lib\ARM64
                   VC_ReferencesPath_VC_x64 = E:\Programs\VS17\VC\Tools\MSVC\14.10.25017\lib\x64
                   VC_ReferencesPath_VC_x86 = E:\Programs\VS17\VC\Tools\MSVC\14.10.25017\lib\x86
                   VC_ReferencesPath_x64 = E:\Programs\VS17\VC\Tools\MSVC\14.10.25017\atlmfc\lib\x64;;E:\Programs\VS17\VC\Tools\MSVC\14.10.25017\lib\x64
                   VC_ReferencesPath_x86 = E:\Programs\VS17\VC\Tools\MSVC\14.10.25017\atlmfc\lib\x86;;E:\Programs\VS17\VC\Tools\MSVC\14.10.25017\lib\x86
                   VC_SourcePath = E:\Programs\VS17\VC\Tools\MSVC\14.10.25017\atlmfc\src\mfc;E:\Programs\VS17\VC\Tools\MSVC\14.10.25017\atlmfc\src\mfcm;E:\Programs\VS17\VC\Tools\MSVC\14.10.25017\atlmfc\src\atl;;E:\Programs\VS17\VC\Tools\MSVC\14.10.25017\crt\src;;E:\Programs\VS17\VC\Auxiliary\VS\src;;C:\Program Files (x86)\Windows Kits\10\Source\10.0.10240.0\ucrt;;
                   VC_VC_IncludePath = E:\Programs\VS17\VC\Tools\MSVC\14.10.25017\include;
                   VC_VS_IncludePath = E:\Programs\VS17\VC\Auxiliary\VS\include;
                   VC_VS_LibraryPath_VC_VS_ARM = E:\Programs\VS17\VC\Auxiliary\VS\lib\ARM;
                   VC_VS_LibraryPath_VC_VS_x64 = E:\Programs\VS17\VC\Auxiliary\VS\lib\x64;
                   VC_VS_LibraryPath_VC_VS_x86 = E:\Programs\VS17\VC\Auxiliary\VS\lib\x86;
                   VC_VS_SourcePath = E:\Programs\VS17\VC\Auxiliary\VS\src;
                   VCIDEInstallDir = E:\Programs\VS17\Common7\IDE\VC\
                   VCIDEInstallDir_150 = E:\Programs\VS17\Common7\IDE\VC\
                   VCInstallDir = E:\Programs\VS17\VC\
                   VCInstallDir_150 = E:\Programs\VS17\VC\
                   VCLibPackagePath = C:\Users\kikij\AppData\Local\vcpkg\vcpkg.user
                   VCProjectUpgraderObjectName = WindowsSDKVersionUpgrader
                   VCTargetsPath = E:\Programs\VS17\Common7\IDE\VC\VCTargets\
                   VCTargetsPath10 = C:\Program Files (x86)\MSBuild\Microsoft.Cpp\v4.0\
                   VCTargetsPath11 = C:\Program Files (x86)\MSBuild\Microsoft.Cpp\v4.0\V110\
                   VCTargetsPath12 = C:\Program Files (x86)\MSBuild\Microsoft.Cpp\v4.0\V120\
                   VCTargetsPath14 = C:\Program Files (x86)\MSBuild\Microsoft.Cpp\v4.0\V140\
                   VCTargetsPath15 = E:\Programs\VS17\Common7\IDE\VC\VCTargets\
                   VCTargetsPathActual = E:\Programs\VS17\Common7\IDE\VC\VCTargets\
                   VCTargetsPathEffective = E:\Programs\VS17\Common7\IDE\VC\VCTargets\
                   VCToolArchitecture = Native32Bit
                   VCToolsInstallDir = E:\Programs\VS17\VC\Tools\MSVC\14.10.25017\
                   VCToolsInstallDir_150 = E:\Programs\VS17\VC\Tools\MSVC\14.10.25017\
                   VCToolsVersion = 14.10.25017
                   Version = 1.0.0.0
                   VisualStudioDir = C:\Users\kikij\OneDrive\Documents\Visual Studio 2017
                   VisualStudioEdition = Microsoft Visual Studio Community 2017
                   VisualStudioVersion = 15.0
                   VS_ExecutablePath = E:\Programs\VS17\Common7\tools;E:\Programs\VS17\Common7\ide;C:\Program Files (x86)\HTML Help Workshop;
                   VS140COMNTOOLS = E:\Programs\VS15\Common7\Tools\
                   VSAPPIDDIR = E:\Programs\VS17\Common7\IDE\
                   VSAPPIDNAME = devenv.exe
                   VSIDEResolvedNonMSBuildProjectOutputs = <VSIDEResolvedNonMSBuildProjectOutputs />
                   VSInstallDir = E:\Programs\VS17\
                   VSInstallDir_150 = E:\Programs\VS17\
                   VsInstallRoot = E:\Programs\VS17
                   VSLANG = 1036
                   VSSDK140Install = E:\Programs\VS15\VSSDK\
                   VSVersion = $(VisualStudioVersion)
                   WebBrowserDebuggerDebuggerType = Auto
                   WebReference_EnableLegacyEventingModel = false
                   WebReference_EnableProperties = true
                   WebReference_EnableSQLTypes = true
                   WebServiceDebuggerDebuggerType = Auto
                   WebServiceDebuggerSQLDebugging = False
                   WholeProgramOptimization = true
                   WholeProgramOptimizationAvailabilityInstrument = true
                   WholeProgramOptimizationAvailabilityOptimize = true
                   WholeProgramOptimizationAvailabilityTrue = true
                   WholeProgramOptimizationAvailabilityUpdate = true
                   windir = C:\WINDOWS
                   Windows81SdkInstalled = true
                   WindowsAppContainer = false
                   WindowsSDK_ExecutablePath = C:\Program Files (x86)\Windows Kits\8.1\bin\x86;;C:\Program Files (x86)\Microsoft SDKs\Windows\v10.0A\bin\NETFX 4.6.1 Tools
                   WindowsSDK_ExecutablePath_arm = C:\Program Files (x86)\Windows Kits\8.1\bin\arm;
                   WindowsSDK_ExecutablePath_x64 = C:\Program Files (x86)\Windows Kits\8.1\bin\x64;;C:\Program Files (x86)\Microsoft SDKs\Windows\v10.0A\bin\NETFX 4.6.1 Tools\x64
                   WindowsSDK_ExecutablePath_x86 = C:\Program Files (x86)\Windows Kits\8.1\bin\x86;;C:\Program Files (x86)\Microsoft SDKs\Windows\v10.0A\bin\NETFX 4.6.1 Tools
                   WindowsSDK_IncludePath = C:\Program Files (x86)\Windows Kits\8.1\Include\um;C:\Program Files (x86)\Windows Kits\8.1\Include\shared;C:\Program Files (x86)\Windows Kits\8.1\Include\winrt;
                   WindowsSDK_LibraryPath_arm = C:\Program Files (x86)\Windows Kits\8.1\lib\winv6.3\um\arm;
                   WindowsSDK_LibraryPath_x64 = C:\Program Files (x86)\Windows Kits\8.1\lib\winv6.3\um\x64;
                   WindowsSDK_LibraryPath_x86 = C:\Program Files (x86)\Windows Kits\8.1\lib\winv6.3\um\x86;
                   WindowsSDK_MetadataPath = C:\Program Files (x86)\Windows Kits\8.1\References\CommonConfiguration\Neutral
                   WindowsSDK80Path = C:\Program Files (x86)\Windows Kits\8.1\
                   WindowsSdkDir = C:\Program Files (x86)\Windows Kits\8.1\
                   WindowsSdkDir_10 = C:\Program Files (x86)\Windows Kits\10\
                   WindowsSdkDir_81 = C:\Program Files (x86)\Windows Kits\8.1\
                   WindowsSdkDir_81A = 
                   WindowsSDKToolArchitecture = Native32Bit
                   WindowsTargetPlatformVersion = 8.1
                   WinMDAssembly = false
                   WMSJSProject = WJProject
                   WMSJSProjectDirectory = JavaScript
                   XamlBuildTaskAssemblyName = XamlBuildTask, Version=4.0.0.0, Culture=neutral, PublicKeyToken=31bf3856ad364e35
                   XamlBuildTaskLocation = E:\Programs\VS17\MSBuild\15.0\Bin\
                   XamlBuildTaskPath = E:\Programs\VS17\MSBuild\15.0\Bin\
                   XamlGenCodeFileNames = DXUTOpt_DirectXTK_2012.vcxproj.XamlGeneratedCodeFileListAbsolute.txt
                   XamlGenMarkupFileNames = DXUTOpt_DirectXTK_2012.vcxproj.XamlGeneratedXamlFileListAbsolute.txt
                   XamlPass2FlagFile = DXUTOpt_DirectXTK_2012.vcxproj.XamlPass2Flag.txt
                   XamlRequiresCompilationPass2 = false
                   XamlTemporaryAssemblyName = DXUTOpt_DirectXTK_2012
                   YieldDuringToolExecution = true

11:07:29.673     1>Génération à l'aide des outils version "15.0".
11:07:29.673     1>E:\C++\Collisions\DXUT\Optional\DXUTOpt_DirectXTK_2012.vcxproj : error MSB4057: La cible "Deploy" n'existe pas dans le projet.
11:07:29.673     1>Génération du projet "E:\C++\Collisions\DXUT\Optional\DXUTOpt_DirectXTK_2012.vcxproj" terminée (Deploy cible(s)) -- ÉCHEC.

Résumé de performance des projets :
        1 ms  E:\C++\Collisions\DXUT\Optional\DXUTOpt_DirectXTK_2012.vcxproj   1 appels
                  1 ms  Deploy                                     1 appels

ÉCHEC de la build.

Temps écoulé 00:00:00.01
