E:\Programs\VS17PRO\Common7\IDE\VC\VCTargets\Microsoft.CppBuild.targets(387,5): warning MSB8028: Le répertoire intermédiaire (x64\Release\) contient des fichiers partagés provenant d'un autre projet (Collision.vcxproj). Cela peut entraîner un comportement de nettoyage et de régénération incorrect.
  main.cpp
E:\C++\Collisions\DirectXTK\Inc\VertexTypes.h(273): warning C4458: la déclaration de 'color' masque le membre de classe
  E:\C++\Collisions\DirectXTK\Inc\VertexTypes.h(233): note: voir la déclaration de 'DirectX::VertexPositionNormalTangentColorTexture::color'
E:\C++\Collisions\DirectXTK\Inc\VertexTypes.h(325): warning C4458: la déclaration de 'weights' masque le membre de classe
  E:\C++\Collisions\DirectXTK\Inc\VertexTypes.h(289): note: voir la déclaration de 'DirectX::VertexPositionNormalTangentColorTextureSkinning::weights'
e:\c++\collisions\collision\hud.h(33): warning C4100: 'pUserContext' : paramètre formel non référencé
e:\c++\collisions\collision\hud.h(33): warning C4100: 'nEvent' : paramètre formel non référencé
e:\c++\collisions\collision\level.h(66): warning C4100: 'i' : paramètre formel non référencé
e:\c++\collisions\collision\level.h(83): warning C4100: 'pd3Device' : paramètre formel non référencé
e:\c++\collisions\collision\level.h(522): warning C4100: 'pUserContext' : paramètre formel non référencé
e:\c++\collisions\collision\level.h(522): warning C4100: 'bAtlDown' : paramètre formel non référencé
e:\c++\collisions\collision\level.h(522): warning C4100: 'kKeyDown' : paramètre formel non référencé
e:\c++\collisions\collision\LoadingScreen.h(29): warning C4267: 'argument' : conversion de 'size_t' en 'int', perte possible de données
main.obj : error LNK2001: symbole externe non résolu "void __cdecl DXUTSetCallbackFrameMove(void (__cdecl*)(double,float,void *),void *)" (?DXUTSetCallbackFrameMove@@YAXP6AXNMPEAX@Z0@Z)
main.obj : error LNK2001: symbole externe non résolu "void __cdecl DXUTSetCallbackD3D11DeviceAcceptable(bool (__cdecl*)(class CD3D11EnumAdapterInfo const *,unsigned int,class CD3D11EnumDeviceInfo const *,enum DXGI_FORMAT,bool,void *),void *)" (?DXUTSetCallbackD3D11DeviceAcceptable@@YAXP6A_NPEBVCD3D11EnumAdapterInfo@@IPEBVCD3D11EnumDeviceInfo@@W4DXGI_FORMAT@@_NPEAX@Z4@Z)
main.obj : error LNK2001: symbole externe non résolu "public: long __cdecl CDXUTResourceCache::OnDestroyDevice(void)" (?OnDestroyDevice@CDXUTResourceCache@@QEAAJXZ)
main.obj : error LNK2001: symbole externe non résolu "void __cdecl DXUTSetCallbackKeyboard(void (__cdecl*)(unsigned int,bool,bool,void *),void *)" (?DXUTSetCallbackKeyboard@@YAXP6AXI_N0PEAX@Z1@Z)
main.obj : error LNK2001: symbole externe non résolu "public: __cdecl DirectX::CommonStates::CommonStates(struct ID3D11Device *)" (??0CommonStates@DirectX@@QEAA@PEAUID3D11Device@@@Z)
main.obj : error LNK2001: symbole externe non résolu "protected: void __cdecl DirectX::Internal::PrimitiveBatchBase::Draw(enum D3D_PRIMITIVE_TOPOLOGY,bool,unsigned short const *,unsigned __int64,unsigned __int64,void * *)" (?Draw@PrimitiveBatchBase@Internal@DirectX@@IEAAXW4D3D_PRIMITIVE_TOPOLOGY@@_NPEBG_K3PEAPEAX@Z)
main.obj : error LNK2001: symbole externe non résolu "public: void __cdecl DirectX::Internal::PrimitiveBatchBase::End(void)" (?End@PrimitiveBatchBase@Internal@DirectX@@QEAAXXZ)
main.obj : error LNK2001: symbole externe non résolu "public: void __cdecl DirectX::Internal::PrimitiveBatchBase::Begin(void)" (?Begin@PrimitiveBatchBase@Internal@DirectX@@QEAAXXZ)
main.obj : error LNK2001: symbole externe non résolu "protected: virtual __cdecl DirectX::Internal::PrimitiveBatchBase::~PrimitiveBatchBase(void)" (??1PrimitiveBatchBase@Internal@DirectX@@MEAA@XZ)
main.obj : error LNK2001: symbole externe non résolu "protected: __cdecl DirectX::Internal::PrimitiveBatchBase::PrimitiveBatchBase(struct ID3D11DeviceContext *,unsigned __int64,unsigned __int64,unsigned __int64)" (??0PrimitiveBatchBase@Internal@DirectX@@IEAA@PEAUID3D11DeviceContext@@_K11@Z)
main.obj : error LNK2001: symbole externe non résolu "public: static struct D3D11_INPUT_ELEMENT_DESC const * const DirectX::VertexPositionColor::InputElements" (?InputElements@VertexPositionColor@DirectX@@2QBUD3D11_INPUT_ELEMENT_DESC@@B)
main.obj : error LNK2001: symbole externe non résolu "public: void __cdecl DirectX::BasicEffect::SetVertexColorEnabled(bool)" (?SetVertexColorEnabled@BasicEffect@DirectX@@QEAAX_N@Z)
main.obj : error LNK2001: symbole externe non résolu "public: __cdecl DirectX::BasicEffect::BasicEffect(struct ID3D11Device *)" (??0BasicEffect@DirectX@@QEAA@PEAUID3D11Device@@@Z)
main.obj : error LNK2001: symbole externe non résolu "wchar_t const * __cdecl DXUTGetFrameStats(bool)" (?DXUTGetFrameStats@@YAPEB_W_N@Z)
main.obj : error LNK2001: symbole externe non résolu "void __cdecl DXUTSetCallbackD3D11DeviceCreated(long (__cdecl*)(struct ID3D11Device *,struct DXGI_SURFACE_DESC const *,void *),void *)" (?DXUTSetCallbackD3D11DeviceCreated@@YAXP6AJPEAUID3D11Device@@PEBUDXGI_SURFACE_DESC@@PEAX@Z2@Z)
main.obj : error LNK2001: symbole externe non résolu "long __cdecl DXUTCreateDevice(enum D3D_FEATURE_LEVEL,bool,int,int)" (?DXUTCreateDevice@@YAJW4D3D_FEATURE_LEVEL@@_NHH@Z)
main.obj : error LNK2001: symbole externe non résolu "void __cdecl DXUTSetCallbackD3D11SwapChainResized(long (__cdecl*)(struct ID3D11Device *,struct IDXGISwapChain *,struct DXGI_SURFACE_DESC const *,void *),void *)" (?DXUTSetCallbackD3D11SwapChainResized@@YAXP6AJPEAUID3D11Device@@PEAUIDXGISwapChain@@PEBUDXGI_SURFACE_DESC@@PEAX@Z3@Z)
main.obj : error LNK2001: symbole externe non résolu "long __cdecl DXUTCreateWindow(wchar_t const *,struct HINSTANCE__ *,struct HICON__ *,struct HMENU__ *,int,int)" (?DXUTCreateWindow@@YAJPEB_WPEAUHINSTANCE__@@PEAUHICON__@@PEAUHMENU__@@HH@Z)
main.obj : error LNK2001: symbole externe non résolu "long __cdecl DXUTInit(bool,bool,wchar_t *,bool)" (?DXUTInit@@YAJ_N0PEA_W0@Z)
main.obj : error LNK2001: symbole externe non résolu "int __cdecl DXUTGetExitCode(void)" (?DXUTGetExitCode@@YAHXZ)
main.obj : error LNK2001: symbole externe non résolu "public: __int64 __cdecl CD3DSettingsDlg::MsgProc(struct HWND__ *,unsigned int,unsigned __int64,__int64)" (?MsgProc@CD3DSettingsDlg@@QEAA_JPEAUHWND__@@I_K_J@Z)
main.obj : error LNK2001: symbole externe non résolu "public: void __cdecl CD3DSettingsDlg::OnD3D11DestroyDevice(void)" (?OnD3D11DestroyDevice@CD3DSettingsDlg@@QEAAXXZ)
main.obj : error LNK2001: symbole externe non résolu "public: long __cdecl CD3DSettingsDlg::OnD3D11ResizedSwapChain(struct ID3D11Device *,struct DXGI_SURFACE_DESC const *)" (?OnD3D11ResizedSwapChain@CD3DSettingsDlg@@QEAAJPEAUID3D11Device@@PEBUDXGI_SURFACE_DESC@@@Z)
main.obj : error LNK2001: symbole externe non résolu "public: long __cdecl CD3DSettingsDlg::OnD3D11CreateDevice(struct ID3D11Device *)" (?OnD3D11CreateDevice@CD3DSettingsDlg@@QEAAJPEAUID3D11Device@@@Z)
main.obj : error LNK2001: symbole externe non résolu "public: void __cdecl CD3DSettingsDlg::OnRender(float)" (?OnRender@CD3DSettingsDlg@@QEAAXM@Z)
main.obj : error LNK2001: symbole externe non résolu "public: long __cdecl CD3DSettingsDlg::Refresh(void)" (?Refresh@CD3DSettingsDlg@@QEAAJXZ)
main.obj : error LNK2001: symbole externe non résolu "public: void __cdecl CD3DSettingsDlg::Init(class CDXUTDialogResourceManager *)" (?Init@CD3DSettingsDlg@@QEAAXPEAVCDXUTDialogResourceManager@@@Z)
main.obj : error LNK2001: symbole externe non résolu "public: __cdecl CD3DSettingsDlg::~CD3DSettingsDlg(void)" (??1CD3DSettingsDlg@@QEAA@XZ)
main.obj : error LNK2001: symbole externe non résolu "public: __cdecl CD3DSettingsDlg::CD3DSettingsDlg(void)" (??0CD3DSettingsDlg@@QEAA@XZ)
main.obj : error LNK2001: symbole externe non résolu "long __cdecl DXUTToggleFullScreen(void)" (?DXUTToggleFullScreen@@YAJXZ)
main.obj : error LNK2001: symbole externe non résolu "long __cdecl DXUTMainLoop(struct HACCEL__ *)" (?DXUTMainLoop@@YAJPEAUHACCEL__@@@Z)
main.obj : error LNK2001: symbole externe non résolu "void __cdecl DXUTSetCursorSettings(bool,bool)" (?DXUTSetCursorSettings@@YAX_N0@Z)
main.obj : error LNK2001: symbole externe non résolu "public: void __cdecl CDXUTDialogResourceManager::OnD3D11DestroyDevice(void)" (?OnD3D11DestroyDevice@CDXUTDialogResourceManager@@QEAAXXZ)
main.obj : error LNK2001: symbole externe non résolu "public: void __cdecl CDXUTDialogResourceManager::OnD3D11ReleasingSwapChain(void)" (?OnD3D11ReleasingSwapChain@CDXUTDialogResourceManager@@QEAAXXZ)
main.obj : error LNK2001: symbole externe non résolu "public: long __cdecl CDXUTDialogResourceManager::OnD3D11ResizedSwapChain(struct ID3D11Device *,struct DXGI_SURFACE_DESC const *)" (?OnD3D11ResizedSwapChain@CDXUTDialogResourceManager@@QEAAJPEAUID3D11Device@@PEBUDXGI_SURFACE_DESC@@@Z)
main.obj : error LNK2001: symbole externe non résolu "public: long __cdecl CDXUTDialogResourceManager::OnD3D11CreateDevice(struct ID3D11Device *,struct ID3D11DeviceContext *)" (?OnD3D11CreateDevice@CDXUTDialogResourceManager@@QEAAJPEAUID3D11Device@@PEAUID3D11DeviceContext@@@Z)
main.obj : error LNK2001: symbole externe non résolu "public: bool __cdecl CDXUTDialogResourceManager::MsgProc(struct HWND__ *,unsigned int,unsigned __int64,__int64)" (?MsgProc@CDXUTDialogResourceManager@@QEAA_NPEAUHWND__@@I_K_J@Z)
main.obj : error LNK2001: symbole externe non résolu "public: __cdecl CDXUTDialogResourceManager::~CDXUTDialogResourceManager(void)" (??1CDXUTDialogResourceManager@@QEAA@XZ)
main.obj : error LNK2001: symbole externe non résolu "public: __cdecl CDXUTDialogResourceManager::CDXUTDialogResourceManager(void)" (??0CDXUTDialogResourceManager@@QEAA@XZ)
main.obj : error LNK2001: symbole externe non résolu "public: __cdecl CModelViewerCamera::CModelViewerCamera(void)" (??0CModelViewerCamera@@QEAA@XZ)
main.obj : error LNK2001: symbole externe non résolu "void __cdecl DXUTSetCallbackD3D11SwapChainReleasing(void (__cdecl*)(void *),void *)" (?DXUTSetCallbackD3D11SwapChainReleasing@@YAXP6AXPEAX@Z0@Z)
main.obj : error LNK2001: symbole externe non résolu "long __cdecl DXUTToggleWARP(void)" (?DXUTToggleWARP@@YAJXZ)
main.obj : error LNK2001: symbole externe non résolu "void __cdecl DXUTSetCallbackD3D11DeviceDestroyed(void (__cdecl*)(void *),void *)" (?DXUTSetCallbackD3D11DeviceDestroyed@@YAXP6AXPEAX@Z0@Z)
main.obj : error LNK2001: symbole externe non résolu "bool __cdecl DXUTIsVsyncEnabled(void)" (?DXUTIsVsyncEnabled@@YA_NXZ)
main.obj : error LNK2001: symbole externe non résolu "wchar_t const * __cdecl DXUTGetDeviceStats(void)" (?DXUTGetDeviceStats@@YAPEB_WXZ)
main.obj : error LNK2001: symbole externe non résolu "public: long __cdecl CDXUTDialog::OnRender(float)" (?OnRender@CDXUTDialog@@QEAAJM@Z)
main.obj : error LNK2001: symbole externe non résolu "public: void __cdecl CDXUTDialog::SetCallback(void (__cdecl*)(unsigned int,int,class CDXUTControl *,void *),void *)" (?SetCallback@CDXUTDialog@@QEAAXP6AXIHPEAVCDXUTControl@@PEAX@Z1@Z)
main.obj : error LNK2001: symbole externe non résolu "public: class CDXUTControl * __cdecl CDXUTDialog::GetControl(int,unsigned int)const " (?GetControl@CDXUTDialog@@QEBAPEAVCDXUTControl@@HI@Z)
main.obj : error LNK2001: symbole externe non résolu "public: long __cdecl CDXUTDialog::AddComboBox(int,int,int,int,int,unsigned int,bool,class CDXUTComboBox * *)" (?AddComboBox@CDXUTDialog@@QEAAJHHHHHI_NPEAPEAVCDXUTComboBox@@@Z)
main.obj : error LNK2001: symbole externe non résolu "public: long __cdecl CDXUTDialog::AddButton(int,wchar_t const *,int,int,int,int,unsigned int,bool,class CDXUTButton * *)" (?AddButton@CDXUTDialog@@QEAAJHPEB_WHHHHI_NPEAPEAVCDXUTButton@@@Z)
main.obj : error LNK2001: symbole externe non résolu "public: long __cdecl CDXUTDialog::AddStatic(int,wchar_t const *,int,int,int,int,bool,class CDXUTStatic * *)" (?AddStatic@CDXUTDialog@@QEAAJHPEB_WHHHH_NPEAPEAVCDXUTStatic@@@Z)
main.obj : error LNK2001: symbole externe non résolu "public: bool __cdecl CDXUTDialog::MsgProc(struct HWND__ *,unsigned int,unsigned __int64,__int64)" (?MsgProc@CDXUTDialog@@QEAA_NPEAUHWND__@@I_K_J@Z)
main.obj : error LNK2001: symbole externe non résolu "public: void __cdecl CDXUTDialog::Init(class CDXUTDialogResourceManager *,bool)" (?Init@CDXUTDialog@@QEAAXPEAVCDXUTDialogResourceManager@@_N@Z)
main.obj : error LNK2001: symbole externe non résolu "public: __cdecl CDXUTDialog::~CDXUTDialog(void)" (??1CDXUTDialog@@QEAA@XZ)
main.obj : error LNK2001: symbole externe non résolu "public: __cdecl CDXUTDialog::CDXUTDialog(void)" (??0CDXUTDialog@@QEAA@XZ)
main.obj : error LNK2001: symbole externe non résolu "void __cdecl DXUTSetCallbackD3D11FrameRender(void (__cdecl*)(struct ID3D11Device *,struct ID3D11DeviceContext *,double,float,void *),void *)" (?DXUTSetCallbackD3D11FrameRender@@YAXP6AXPEAUID3D11Device@@PEAUID3D11DeviceContext@@NMPEAX@Z2@Z)
main.obj : error LNK2001: symbole externe non résolu "void __cdecl DXUTSetCallbackDeviceChanging(bool (__cdecl*)(struct DXUTDeviceSettings *,void *),void *)" (?DXUTSetCallbackDeviceChanging@@YAXP6A_NPEAUDXUTDeviceSettings@@PEAX@Z1@Z)
main.obj : error LNK2001: symbole externe non résolu "class CDXUTResourceCache & __cdecl DXUTGetGlobalResourceCache(void)" (?DXUTGetGlobalResourceCache@@YAAEAVCDXUTResourceCache@@XZ)
main.obj : error LNK2001: symbole externe non résolu "struct ID3D11RenderTargetView * __cdecl DXUTGetD3D11RenderTargetView(void)" (?DXUTGetD3D11RenderTargetView@@YAPEAUID3D11RenderTargetView@@XZ)
main.obj : error LNK2001: symbole externe non résolu "public: long __cdecl CDXUTComboBox::SetSelectedByData(void *)" (?SetSelectedByData@CDXUTComboBox@@QEAAJPEAX@Z)
main.obj : error LNK2001: symbole externe non résolu "public: void * __cdecl CDXUTComboBox::GetSelectedData(void)const " (?GetSelectedData@CDXUTComboBox@@QEBAPEAXXZ)
main.obj : error LNK2001: symbole externe non résolu "public: long __cdecl CDXUTComboBox::AddItem(wchar_t const *,void *)" (?AddItem@CDXUTComboBox@@QEAAJPEB_WPEAX@Z)
main.obj : error LNK2001: symbole externe non résolu "void __cdecl DXUTSetCallbackMsgProc(__int64 (__cdecl*)(struct HWND__ *,unsigned int,unsigned __int64,__int64,bool *,void *),void *)" (?DXUTSetCallbackMsgProc@@YAXP6A_JPEAUHWND__@@I_K_JPEA_NPEAX@Z4@Z)
main.obj : error LNK2001: symbole externe non résolu "long __cdecl DXUTToggleREF(void)" (?DXUTToggleREF@@YAJXZ)
main.obj : error LNK2001: symbole externe non résolu "struct ID3D11DepthStencilView * __cdecl DXUTGetD3D11DepthStencilView(void)" (?DXUTGetD3D11DepthStencilView@@YAPEAUID3D11DepthStencilView@@XZ)
main.obj : error LNK2001: symbole externe non résolu "struct ID3D11DeviceContext * __cdecl DXUTGetD3D11DeviceContext(void)" (?DXUTGetD3D11DeviceContext@@YAPEAUID3D11DeviceContext@@XZ)
main.obj : error LNK2001: symbole externe non résolu "public: void __cdecl CDXUTTextHelper::End(void)" (?End@CDXUTTextHelper@@QEAAXXZ)
main.obj : error LNK2001: symbole externe non résolu "public: long __cdecl CDXUTTextHelper::DrawTextLine(wchar_t const *)" (?DrawTextLine@CDXUTTextHelper@@QEAAJPEB_W@Z)
main.obj : error LNK2001: symbole externe non résolu "public: void __cdecl CDXUTTextHelper::Begin(void)" (?Begin@CDXUTTextHelper@@QEAAXXZ)
main.obj : error LNK2001: symbole externe non résolu "public: __cdecl CDXUTTextHelper::~CDXUTTextHelper(void)" (??1CDXUTTextHelper@@QEAA@XZ)
main.obj : error LNK2001: symbole externe non résolu "public: __cdecl CDXUTTextHelper::CDXUTTextHelper(struct ID3D11Device *,struct ID3D11DeviceContext *,class CDXUTDialogResourceManager *,int)" (??0CDXUTTextHelper@@QEAA@PEAUID3D11Device@@PEAUID3D11DeviceContext@@PEAVCDXUTDialogResourceManager@@H@Z)
E:\C++\Collisions\x64\Release\Projet_Moteur_V2.exe : warning LNK4088: image en cours de génération à cause de l'option /FORCE ; l'image risque de ne pas s'exécuter
  Génération de code en cours
  Fin de la génération du code
main.obj : error LNK2001: symbole externe non résolu "__declspec(dllimport) public: __cdecl DirectX::BasicEffect::BasicEffect(struct ID3D11Device *)" (__imp_??0BasicEffect@DirectX@@QEAA@PEAUID3D11Device@@@Z)
main.obj : error LNK2001: symbole externe non résolu "__declspec(dllimport) public: void __cdecl DirectX::BasicEffect::SetVertexColorEnabled(bool)" (__imp_?SetVertexColorEnabled@BasicEffect@DirectX@@QEAAX_N@Z)
main.obj : error LNK2001: symbole externe non résolu "public: static struct D3D11_INPUT_ELEMENT_DESC const * const DirectX::VertexPositionColor::InputElements" (?InputElements@VertexPositionColor@DirectX@@2QBUD3D11_INPUT_ELEMENT_DESC@@B)
main.obj : error LNK2001: symbole externe non résolu "__declspec(dllimport) protected: __cdecl DirectX::Internal::PrimitiveBatchBase::PrimitiveBatchBase(struct ID3D11DeviceContext *,unsigned __int64,unsigned __int64,unsigned __int64)" (__imp_??0PrimitiveBatchBase@Internal@DirectX@@IEAA@PEAUID3D11DeviceContext@@_K11@Z)
main.obj : error LNK2001: symbole externe non résolu "__declspec(dllimport) protected: virtual __cdecl DirectX::Internal::PrimitiveBatchBase::~PrimitiveBatchBase(void)" (__imp_??1PrimitiveBatchBase@Internal@DirectX@@MEAA@XZ)
main.obj : error LNK2001: symbole externe non résolu "__declspec(dllimport) public: void __cdecl DirectX::Internal::PrimitiveBatchBase::Begin(void)" (__imp_?Begin@PrimitiveBatchBase@Internal@DirectX@@QEAAXXZ)
main.obj : error LNK2001: symbole externe non résolu "__declspec(dllimport) public: void __cdecl DirectX::Internal::PrimitiveBatchBase::End(void)" (__imp_?End@PrimitiveBatchBase@Internal@DirectX@@QEAAXXZ)
main.obj : error LNK2001: symbole externe non résolu "__declspec(dllimport) protected: void __cdecl DirectX::Internal::PrimitiveBatchBase::Draw(enum D3D_PRIMITIVE_TOPOLOGY,bool,unsigned short const *,unsigned __int64,unsigned __int64,void * *)" (__imp_?Draw@PrimitiveBatchBase@Internal@DirectX@@IEAAXW4D3D_PRIMITIVE_TOPOLOGY@@_NPEBG_K3PEAPEAX@Z)
main.obj : error LNK2001: symbole externe non résolu "__declspec(dllimport) public: __cdecl DirectX::CommonStates::CommonStates(struct ID3D11Device *)" (__imp_??0CommonStates@DirectX@@QEAA@PEAUID3D11Device@@@Z)
main.obj : error LNK2001: symbole externe non résolu "__declspec(dllimport) void __cdecl DXUTSetCallbackKeyboard(void (__cdecl*)(unsigned int,bool,bool,void *),void *)" (__imp_?DXUTSetCallbackKeyboard@@YAXP6AXI_N0PEAX@Z1@Z)
main.obj : error LNK2001: symbole externe non résolu "__declspec(dllimport) public: long __cdecl CDXUTResourceCache::OnDestroyDevice(void)" (__imp_?OnDestroyDevice@CDXUTResourceCache@@QEAAJXZ)
main.obj : error LNK2001: symbole externe non résolu "__declspec(dllimport) void __cdecl DXUTSetCallbackD3D11DeviceAcceptable(bool (__cdecl*)(class CD3D11EnumAdapterInfo const *,unsigned int,class CD3D11EnumDeviceInfo const *,enum DXGI_FORMAT,bool,void *),void *)" (__imp_?DXUTSetCallbackD3D11DeviceAcceptable@@YAXP6A_NPEBVCD3D11EnumAdapterInfo@@IPEBVCD3D11EnumDeviceInfo@@W4DXGI_FORMAT@@_NPEAX@Z4@Z)
main.obj : error LNK2001: symbole externe non résolu "__declspec(dllimport) void __cdecl DXUTSetCallbackFrameMove(void (__cdecl*)(double,float,void *),void *)" (__imp_?DXUTSetCallbackFrameMove@@YAXP6AXNMPEAX@Z0@Z)
main.obj : error LNK2001: symbole externe non résolu "__declspec(dllimport) public: __cdecl CDXUTTextHelper::CDXUTTextHelper(struct ID3D11Device *,struct ID3D11DeviceContext *,class CDXUTDialogResourceManager *,int)" (__imp_??0CDXUTTextHelper@@QEAA@PEAUID3D11Device@@PEAUID3D11DeviceContext@@PEAVCDXUTDialogResourceManager@@H@Z)
main.obj : error LNK2001: symbole externe non résolu "__declspec(dllimport) public: __cdecl CDXUTTextHelper::~CDXUTTextHelper(void)" (__imp_??1CDXUTTextHelper@@QEAA@XZ)
main.obj : error LNK2001: symbole externe non résolu "__declspec(dllimport) public: void __cdecl CDXUTTextHelper::Begin(void)" (__imp_?Begin@CDXUTTextHelper@@QEAAXXZ)
main.obj : error LNK2001: symbole externe non résolu "__declspec(dllimport) public: long __cdecl CDXUTTextHelper::DrawTextLine(wchar_t const *)" (__imp_?DrawTextLine@CDXUTTextHelper@@QEAAJPEB_W@Z)
main.obj : error LNK2001: symbole externe non résolu "__declspec(dllimport) public: void __cdecl CDXUTTextHelper::End(void)" (__imp_?End@CDXUTTextHelper@@QEAAXXZ)
main.obj : error LNK2001: symbole externe non résolu "__declspec(dllimport) struct ID3D11DeviceContext * __cdecl DXUTGetD3D11DeviceContext(void)" (__imp_?DXUTGetD3D11DeviceContext@@YAPEAUID3D11DeviceContext@@XZ)
main.obj : error LNK2001: symbole externe non résolu "__declspec(dllimport) struct ID3D11DepthStencilView * __cdecl DXUTGetD3D11DepthStencilView(void)" (__imp_?DXUTGetD3D11DepthStencilView@@YAPEAUID3D11DepthStencilView@@XZ)
main.obj : error LNK2001: symbole externe non résolu "__declspec(dllimport) long __cdecl DXUTToggleREF(void)" (__imp_?DXUTToggleREF@@YAJXZ)
main.obj : error LNK2001: symbole externe non résolu "__declspec(dllimport) void __cdecl DXUTSetCallbackMsgProc(__int64 (__cdecl*)(struct HWND__ *,unsigned int,unsigned __int64,__int64,bool *,void *),void *)" (__imp_?DXUTSetCallbackMsgProc@@YAXP6A_JPEAUHWND__@@I_K_JPEA_NPEAX@Z4@Z)
main.obj : error LNK2001: symbole externe non résolu "__declspec(dllimport) public: long __cdecl CDXUTComboBox::AddItem(wchar_t const *,void *)" (__imp_?AddItem@CDXUTComboBox@@QEAAJPEB_WPEAX@Z)
main.obj : error LNK2001: symbole externe non résolu "__declspec(dllimport) public: void * __cdecl CDXUTComboBox::GetSelectedData(void)const " (__imp_?GetSelectedData@CDXUTComboBox@@QEBAPEAXXZ)
main.obj : error LNK2001: symbole externe non résolu "__declspec(dllimport) public: long __cdecl CDXUTComboBox::SetSelectedByData(void *)" (__imp_?SetSelectedByData@CDXUTComboBox@@QEAAJPEAX@Z)
main.obj : error LNK2001: symbole externe non résolu "__declspec(dllimport) struct ID3D11RenderTargetView * __cdecl DXUTGetD3D11RenderTargetView(void)" (__imp_?DXUTGetD3D11RenderTargetView@@YAPEAUID3D11RenderTargetView@@XZ)
main.obj : error LNK2001: symbole externe non résolu "__declspec(dllimport) class CDXUTResourceCache & __cdecl DXUTGetGlobalResourceCache(void)" (__imp_?DXUTGetGlobalResourceCache@@YAAEAVCDXUTResourceCache@@XZ)
main.obj : error LNK2001: symbole externe non résolu "__declspec(dllimport) void __cdecl DXUTSetCallbackDeviceChanging(bool (__cdecl*)(struct DXUTDeviceSettings *,void *),void *)" (__imp_?DXUTSetCallbackDeviceChanging@@YAXP6A_NPEAUDXUTDeviceSettings@@PEAX@Z1@Z)
main.obj : error LNK2001: symbole externe non résolu "__declspec(dllimport) void __cdecl DXUTSetCallbackD3D11FrameRender(void (__cdecl*)(struct ID3D11Device *,struct ID3D11DeviceContext *,double,float,void *),void *)" (__imp_?DXUTSetCallbackD3D11FrameRender@@YAXP6AXPEAUID3D11Device@@PEAUID3D11DeviceContext@@NMPEAX@Z2@Z)
main.obj : error LNK2001: symbole externe non résolu "__declspec(dllimport) public: __cdecl CDXUTDialog::CDXUTDialog(void)" (__imp_??0CDXUTDialog@@QEAA@XZ)
main.obj : error LNK2001: symbole externe non résolu "__declspec(dllimport) public: __cdecl CDXUTDialog::~CDXUTDialog(void)" (__imp_??1CDXUTDialog@@QEAA@XZ)
main.obj : error LNK2001: symbole externe non résolu "__declspec(dllimport) public: void __cdecl CDXUTDialog::Init(class CDXUTDialogResourceManager *,bool)" (__imp_?Init@CDXUTDialog@@QEAAXPEAVCDXUTDialogResourceManager@@_N@Z)
main.obj : error LNK2001: symbole externe non résolu "__declspec(dllimport) public: bool __cdecl CDXUTDialog::MsgProc(struct HWND__ *,unsigned int,unsigned __int64,__int64)" (__imp_?MsgProc@CDXUTDialog@@QEAA_NPEAUHWND__@@I_K_J@Z)
main.obj : error LNK2001: symbole externe non résolu "__declspec(dllimport) public: long __cdecl CDXUTDialog::AddStatic(int,wchar_t const *,int,int,int,int,bool,class CDXUTStatic * *)" (__imp_?AddStatic@CDXUTDialog@@QEAAJHPEB_WHHHH_NPEAPEAVCDXUTStatic@@@Z)
main.obj : error LNK2001: symbole externe non résolu "__declspec(dllimport) public: long __cdecl CDXUTDialog::AddButton(int,wchar_t const *,int,int,int,int,unsigned int,bool,class CDXUTButton * *)" (__imp_?AddButton@CDXUTDialog@@QEAAJHPEB_WHHHHI_NPEAPEAVCDXUTButton@@@Z)
main.obj : error LNK2001: symbole externe non résolu "__declspec(dllimport) public: long __cdecl CDXUTDialog::AddComboBox(int,int,int,int,int,unsigned int,bool,class CDXUTComboBox * *)" (__imp_?AddComboBox@CDXUTDialog@@QEAAJHHHHHI_NPEAPEAVCDXUTComboBox@@@Z)
main.obj : error LNK2001: symbole externe non résolu "__declspec(dllimport) public: class CDXUTControl * __cdecl CDXUTDialog::GetControl(int,unsigned int)const " (__imp_?GetControl@CDXUTDialog@@QEBAPEAVCDXUTControl@@HI@Z)
main.obj : error LNK2001: symbole externe non résolu "__declspec(dllimport) public: void __cdecl CDXUTDialog::SetCallback(void (__cdecl*)(unsigned int,int,class CDXUTControl *,void *),void *)" (__imp_?SetCallback@CDXUTDialog@@QEAAXP6AXIHPEAVCDXUTControl@@PEAX@Z1@Z)
main.obj : error LNK2001: symbole externe non résolu "__declspec(dllimport) public: long __cdecl CDXUTDialog::OnRender(float)" (__imp_?OnRender@CDXUTDialog@@QEAAJM@Z)
main.obj : error LNK2001: symbole externe non résolu "__declspec(dllimport) wchar_t const * __cdecl DXUTGetDeviceStats(void)" (__imp_?DXUTGetDeviceStats@@YAPEB_WXZ)
main.obj : error LNK2001: symbole externe non résolu "__declspec(dllimport) bool __cdecl DXUTIsVsyncEnabled(void)" (__imp_?DXUTIsVsyncEnabled@@YA_NXZ)
main.obj : error LNK2001: symbole externe non résolu "__declspec(dllimport) void __cdecl DXUTSetCallbackD3D11DeviceDestroyed(void (__cdecl*)(void *),void *)" (__imp_?DXUTSetCallbackD3D11DeviceDestroyed@@YAXP6AXPEAX@Z0@Z)
main.obj : error LNK2001: symbole externe non résolu "__declspec(dllimport) long __cdecl DXUTToggleWARP(void)" (__imp_?DXUTToggleWARP@@YAJXZ)
main.obj : error LNK2001: symbole externe non résolu "__declspec(dllimport) void __cdecl DXUTSetCallbackD3D11SwapChainReleasing(void (__cdecl*)(void *),void *)" (__imp_?DXUTSetCallbackD3D11SwapChainReleasing@@YAXP6AXPEAX@Z0@Z)
main.obj : error LNK2001: symbole externe non résolu "__declspec(dllimport) public: __cdecl CModelViewerCamera::CModelViewerCamera(void)" (__imp_??0CModelViewerCamera@@QEAA@XZ)
main.obj : error LNK2001: symbole externe non résolu "__declspec(dllimport) public: __cdecl CDXUTDialogResourceManager::CDXUTDialogResourceManager(void)" (__imp_??0CDXUTDialogResourceManager@@QEAA@XZ)
main.obj : error LNK2001: symbole externe non résolu "__declspec(dllimport) public: __cdecl CDXUTDialogResourceManager::~CDXUTDialogResourceManager(void)" (__imp_??1CDXUTDialogResourceManager@@QEAA@XZ)
main.obj : error LNK2001: symbole externe non résolu "__declspec(dllimport) public: bool __cdecl CDXUTDialogResourceManager::MsgProc(struct HWND__ *,unsigned int,unsigned __int64,__int64)" (__imp_?MsgProc@CDXUTDialogResourceManager@@QEAA_NPEAUHWND__@@I_K_J@Z)
main.obj : error LNK2001: symbole externe non résolu "__declspec(dllimport) public: long __cdecl CDXUTDialogResourceManager::OnD3D11CreateDevice(struct ID3D11Device *,struct ID3D11DeviceContext *)" (__imp_?OnD3D11CreateDevice@CDXUTDialogResourceManager@@QEAAJPEAUID3D11Device@@PEAUID3D11DeviceContext@@@Z)
main.obj : error LNK2001: symbole externe non résolu "__declspec(dllimport) public: long __cdecl CDXUTDialogResourceManager::OnD3D11ResizedSwapChain(struct ID3D11Device *,struct DXGI_SURFACE_DESC const *)" (__imp_?OnD3D11ResizedSwapChain@CDXUTDialogResourceManager@@QEAAJPEAUID3D11Device@@PEBUDXGI_SURFACE_DESC@@@Z)
main.obj : error LNK2001: symbole externe non résolu "__declspec(dllimport) public: void __cdecl CDXUTDialogResourceManager::OnD3D11ReleasingSwapChain(void)" (__imp_?OnD3D11ReleasingSwapChain@CDXUTDialogResourceManager@@QEAAXXZ)
main.obj : error LNK2001: symbole externe non résolu "__declspec(dllimport) public: void __cdecl CDXUTDialogResourceManager::OnD3D11DestroyDevice(void)" (__imp_?OnD3D11DestroyDevice@CDXUTDialogResourceManager@@QEAAXXZ)
main.obj : error LNK2001: symbole externe non résolu "__declspec(dllimport) void __cdecl DXUTSetCursorSettings(bool,bool)" (__imp_?DXUTSetCursorSettings@@YAX_N0@Z)
main.obj : error LNK2001: symbole externe non résolu "__declspec(dllimport) long __cdecl DXUTMainLoop(struct HACCEL__ *)" (__imp_?DXUTMainLoop@@YAJPEAUHACCEL__@@@Z)
main.obj : error LNK2001: symbole externe non résolu "__declspec(dllimport) long __cdecl DXUTToggleFullScreen(void)" (__imp_?DXUTToggleFullScreen@@YAJXZ)
main.obj : error LNK2001: symbole externe non résolu "__declspec(dllimport) public: __cdecl CD3DSettingsDlg::CD3DSettingsDlg(void)" (__imp_??0CD3DSettingsDlg@@QEAA@XZ)
main.obj : error LNK2001: symbole externe non résolu "__declspec(dllimport) public: __cdecl CD3DSettingsDlg::~CD3DSettingsDlg(void)" (__imp_??1CD3DSettingsDlg@@QEAA@XZ)
main.obj : error LNK2001: symbole externe non résolu "__declspec(dllimport) public: void __cdecl CD3DSettingsDlg::Init(class CDXUTDialogResourceManager *)" (__imp_?Init@CD3DSettingsDlg@@QEAAXPEAVCDXUTDialogResourceManager@@@Z)
main.obj : error LNK2001: symbole externe non résolu "__declspec(dllimport) public: long __cdecl CD3DSettingsDlg::Refresh(void)" (__imp_?Refresh@CD3DSettingsDlg@@QEAAJXZ)
main.obj : error LNK2001: symbole externe non résolu "__declspec(dllimport) public: void __cdecl CD3DSettingsDlg::OnRender(float)" (__imp_?OnRender@CD3DSettingsDlg@@QEAAXM@Z)
main.obj : error LNK2001: symbole externe non résolu "__declspec(dllimport) public: long __cdecl CD3DSettingsDlg::OnD3D11CreateDevice(struct ID3D11Device *)" (__imp_?OnD3D11CreateDevice@CD3DSettingsDlg@@QEAAJPEAUID3D11Device@@@Z)
main.obj : error LNK2001: symbole externe non résolu "__declspec(dllimport) public: long __cdecl CD3DSettingsDlg::OnD3D11ResizedSwapChain(struct ID3D11Device *,struct DXGI_SURFACE_DESC const *)" (__imp_?OnD3D11ResizedSwapChain@CD3DSettingsDlg@@QEAAJPEAUID3D11Device@@PEBUDXGI_SURFACE_DESC@@@Z)
main.obj : error LNK2001: symbole externe non résolu "__declspec(dllimport) public: void __cdecl CD3DSettingsDlg::OnD3D11DestroyDevice(void)" (__imp_?OnD3D11DestroyDevice@CD3DSettingsDlg@@QEAAXXZ)
main.obj : error LNK2001: symbole externe non résolu "__declspec(dllimport) public: __int64 __cdecl CD3DSettingsDlg::MsgProc(struct HWND__ *,unsigned int,unsigned __int64,__int64)" (__imp_?MsgProc@CD3DSettingsDlg@@QEAA_JPEAUHWND__@@I_K_J@Z)
main.obj : error LNK2001: symbole externe non résolu "__declspec(dllimport) int __cdecl DXUTGetExitCode(void)" (__imp_?DXUTGetExitCode@@YAHXZ)
main.obj : error LNK2001: symbole externe non résolu "__declspec(dllimport) long __cdecl DXUTInit(bool,bool,wchar_t *,bool)" (__imp_?DXUTInit@@YAJ_N0PEA_W0@Z)
main.obj : error LNK2001: symbole externe non résolu "__declspec(dllimport) long __cdecl DXUTCreateWindow(wchar_t const *,struct HINSTANCE__ *,struct HICON__ *,struct HMENU__ *,int,int)" (__imp_?DXUTCreateWindow@@YAJPEB_WPEAUHINSTANCE__@@PEAUHICON__@@PEAUHMENU__@@HH@Z)
main.obj : error LNK2001: symbole externe non résolu "__declspec(dllimport) void __cdecl DXUTSetCallbackD3D11SwapChainResized(long (__cdecl*)(struct ID3D11Device *,struct IDXGISwapChain *,struct DXGI_SURFACE_DESC const *,void *),void *)" (__imp_?DXUTSetCallbackD3D11SwapChainResized@@YAXP6AJPEAUID3D11Device@@PEAUIDXGISwapChain@@PEBUDXGI_SURFACE_DESC@@PEAX@Z3@Z)
main.obj : error LNK2001: symbole externe non résolu "__declspec(dllimport) long __cdecl DXUTCreateDevice(enum D3D_FEATURE_LEVEL,bool,int,int)" (__imp_?DXUTCreateDevice@@YAJW4D3D_FEATURE_LEVEL@@_NHH@Z)
main.obj : error LNK2001: symbole externe non résolu "__declspec(dllimport) void __cdecl DXUTSetCallbackD3D11DeviceCreated(long (__cdecl*)(struct ID3D11Device *,struct DXGI_SURFACE_DESC const *,void *),void *)" (__imp_?DXUTSetCallbackD3D11DeviceCreated@@YAXP6AJPEAUID3D11Device@@PEBUDXGI_SURFACE_DESC@@PEAX@Z2@Z)
main.obj : error LNK2001: symbole externe non résolu "__declspec(dllimport) wchar_t const * __cdecl DXUTGetFrameStats(bool)" (__imp_?DXUTGetFrameStats@@YAPEB_W_N@Z)
E:\C++\Collisions\x64\Release\Projet_Moteur_V2.exe : warning LNK4088: image en cours de génération à cause de l'option /FORCE ; l'image risque de ne pas s'exécuter
  Collision_Desktop_2012.vcxproj -> E:\C++\Collisions\x64\Release\Projet_Moteur_V2.exe
  Collision_Desktop_2012.vcxproj -> E:\C++\Collisions\x64\Release\Projet_Moteur_V2.pdb (Full PDB)
  fatal: pathspec 'Media\*' did not match any files
